#-----------------------------------------------------------
# Webtalk v2015.4 (64-bit)
# SW Build 1412921 on Wed Nov 18 09:44:32 MST 2015
# 
# Start of session at: Fri Mar 31 20:43:47 2017
# Process ID: 24113
# Current directory: /home/mye/Research/Github/trustzoneht/Micro17/project/XADC/XADC.sdk/webtalk
# Command line: wbtcv -mode batch -source sdk_webtalk.tcl
# Log file: /home/mye/Research/Github/trustzoneht/Micro17/project/XADC/XADC.sdk/webtalk/webtalk.log
# Journal file: /home/mye/Research/Github/trustzoneht/Micro17/project/XADC/XADC.sdk/webtalk/webtalk.jou
#-----------------------------------------------------------
source sdk_webtalk.tcl
# webtalk_init -webtalk_dir /home/mye/Research/Github/trustzoneht/Micro17/project/XADC/XADC.sdk/webtalk
# webtalk_register_client -client project
# webtalk_add_data -client project -key date_generated -value "Fri Mar 31 20:43:46 2017" -context "software_version_and_target_device"
# webtalk_add_data -client project -key product_version -value "SDK v2015.4" -context "software_version_and_target_device"
# webtalk_add_data -client project -key build_version -value "2015.4" -context "software_version_and_target_device"
# webtalk_add_data -client project -key os_platform -value "amd64" -context "software_version_and_target_device"
# webtalk_add_data -client project -key registration_id -value "" -context "software_version_and_target_device"
# webtalk_add_data -client project -key tool_flow -value "SDK" -context "software_version_and_target_device"
# webtalk_add_data -client project -key beta -value "false" -context "software_version_and_target_device"
# webtalk_add_data -client project -key route_design -value "NA" -context "software_version_and_target_device"
# webtalk_add_data -client project -key target_family -value "NA" -context "software_version_and_target_device"
# webtalk_add_data -client project -key target_device -value "NA" -context "software_version_and_target_device"
# webtalk_add_data -client project -key target_package -value "NA" -context "software_version_and_target_device"
# webtalk_add_data -client project -key target_speed -value "NA" -context "software_version_and_target_device"
# webtalk_add_data -client project -key random_id -value "f7a8njqjjth78deq5it3raf9bg" -context "software_version_and_target_device"
# webtalk_add_data -client project -key project_id -value "2015.4_169" -context "software_version_and_target_device"
# webtalk_add_data -client project -key project_iteration -value "169" -context "software_version_and_target_device"
# webtalk_add_data -client project -key os_name -value "" -context "user_environment"
# webtalk_add_data -client project -key os_release -value "" -context "user_environment"
# webtalk_add_data -client project -key cpu_name -value "" -context "user_environment"
# webtalk_add_data -client project -key cpu_speed -value "" -context "user_environment"
# webtalk_add_data -client project -key total_processors -value "" -context "user_environment"
# webtalk_add_data -client project -key system_ram -value "" -context "user_environment"
# webtalk_register_client -client sdk
# webtalk_add_data -client sdk -key uid -value "1491002910000" -context "sdk\\\\hardware/1491002910000"
# webtalk_add_data -client sdk -key isZynq -value "true" -context "sdk\\\\hardware/1491002910000"
# webtalk_add_data -client sdk -key Processors -value "2" -context "sdk\\\\hardware/1491002910000"
# webtalk_add_data -client sdk -key VivadoVersion -value "2015.4.1" -context "sdk\\\\hardware/1491002910000"
# webtalk_add_data -client sdk -key Arch -value "zynq" -context "sdk\\\\hardware/1491002910000"
# webtalk_add_data -client sdk -key Device -value "7z020" -context "sdk\\\\hardware/1491002910000"
# webtalk_add_data -client sdk -key IsHandoff -value "true" -context "sdk\\\\hardware/1491002910000"
# webtalk_add_data -client sdk -key uid -value "1491002918000" -context "sdk\\\\bsp/1491002918000"
# webtalk_add_data -client sdk -key hwid -value "1491002910000" -context "sdk\\\\bsp/1491002918000"
# webtalk_add_data -client sdk -key os -value "standalone" -context "sdk\\\\bsp/1491002918000"
# webtalk_add_data -client sdk -key apptemplate -value "hello_world" -context "sdk\\\\bsp/1491002918000"
# webtalk_add_data -client sdk -key uid -value "1491002919000" -context "sdk\\\\application/1491002919000"
# webtalk_add_data -client sdk -key hwid -value "1491002910000" -context "sdk\\\\application/1491002919000"
# webtalk_add_data -client sdk -key bspid -value "1491002918000" -context "sdk\\\\application/1491002919000"
# webtalk_add_data -client sdk -key newbsp -value "true" -context "sdk\\\\application/1491002919000"
# webtalk_add_data -client sdk -key os -value "standalone" -context "sdk\\\\application/1491002919000"
# webtalk_add_data -client sdk -key apptemplate -value "hello_world" -context "sdk\\\\application/1491002919000"
# webtalk_add_data -client sdk -key uid -value "1491003154000" -context "sdk\\\\bsp/1491003154000"
# webtalk_add_data -client sdk -key hwid -value "1491002910000" -context "sdk\\\\bsp/1491003154000"
# webtalk_add_data -client sdk -key os -value "standalone" -context "sdk\\\\bsp/1491003154000"
# webtalk_add_data -client sdk -key apptemplate -value "hello_world" -context "sdk\\\\bsp/1491003154000"
# webtalk_add_data -client sdk -key uid -value "1491003154000" -context "sdk\\\\application/1491003154000"
# webtalk_add_data -client sdk -key hwid -value "1491002910000" -context "sdk\\\\application/1491003154000"
# webtalk_add_data -client sdk -key bspid -value "1491003154000" -context "sdk\\\\application/1491003154000"
# webtalk_add_data -client sdk -key newbsp -value "true" -context "sdk\\\\application/1491003154000"
# webtalk_add_data -client sdk -key os -value "standalone" -context "sdk\\\\application/1491003154000"
# webtalk_add_data -client sdk -key apptemplate -value "hello_world" -context "sdk\\\\application/1491003154000"
# webtalk_transmit -clientid 1862291606 -regid "" -xml /home/mye/Research/Github/trustzoneht/Micro17/project/XADC/XADC.sdk/webtalk/usage_statistics_ext_sdk.xml -html /home/mye/Research/Github/trustzoneht/Micro17/project/XADC/XADC.sdk/webtalk/usage_statistics_ext_sdk.html -wdm /home/mye/Research/Github/trustzoneht/Micro17/project/XADC/XADC.sdk/webtalk/sdk_webtalk.wdm -intro "<H3>SDK Usage Report</H3><BR>"

    while executing
"webtalk_transmit -clientid 1862291606 -regid "" -xml /home/mye/Research/Github/trustzoneht/Micro17/project/XADC/XADC.sdk/webtalk/usage_statistics_ext_..."
    (file "sdk_webtalk.tcl" line 52)
INFO: [Common 17-206] Exiting Webtalk at Fri Mar 31 20:43:47 2017...
