
normal.elf:     file format elf32-littlearm


Disassembly of section .text:

00020100 <LOAD_ADR>:
   20100:	e320f000 	nop	{0}
   20104:	e320f000 	nop	{0}
   20108:	e320f000 	nop	{0}
   2010c:	e320f000 	nop	{0}
   20110:	e320f000 	nop	{0}
   20114:	e320f000 	nop	{0}
   20118:	e320f000 	nop	{0}
   2011c:	e320f000 	nop	{0}

00020120 <_start_normal>:
   20120:	ee100fb0 	mrc	15, 0, r0, cr0, cr0, {5}
   20124:	e2000003 	and	r0, r0, #3
   20128:	e3500000 	cmp	r0, #0
   2012c:	1b00000b 	blne	20160 <gotosleep>
   20130:	e321f0d3 	msr	CPSR_c, #211	; 0xd3
   20134:	ee110f10 	mrc	15, 0, r0, cr1, cr0, {0}
   20138:	e3c00004 	bic	r0, r0, #4
   2013c:	e3c00a01 	bic	r0, r0, #4096	; 0x1000
   20140:	ee010f10 	mcr	15, 0, r0, cr1, cr0, {0}
   20144:	e3a00000 	mov	r0, #0
   20148:	ee080f17 	mcr	15, 0, r0, cr8, cr7, {0}
   2014c:	e59f0018 	ldr	r0, [pc, #24]	; 2016c <gotosleep+0xc>
   20150:	ee0c0f10 	mcr	15, 0, r0, cr12, cr0, {0}
   20154:	e3a0da22 	mov	sp, #139264	; 0x22000
   20158:	eb000008 	bl	20180 <normal_main>
   2015c:	eafffffe 	b	2015c <_start_normal+0x3c>

00020160 <gotosleep>:
   20160:	e320f003 	wfi
   20164:	eafffffd 	b	20160 <gotosleep>
   20168:	e12fff1e 	bx	lr
   2016c:	00020100 	andeq	r0, r2, r0, lsl #2
   20170:	e320f000 	nop	{0}
   20174:	e320f000 	nop	{0}
   20178:	e320f000 	nop	{0}
   2017c:	e320f000 	nop	{0}

00020180 <normal_main>:
   20180:	e92d4800 	push	{fp, lr}
   20184:	e28db004 	add	fp, sp, #4
   20188:	e24dd008 	sub	sp, sp, #8
   2018c:	e3a03000 	mov	r3, #0
   20190:	e50b3008 	str	r3, [fp, #-8]
   20194:	eb000820 	bl	2221c <uart_init>
   20198:	e30235d0 	movw	r3, #9680	; 0x25d0
   2019c:	e3403002 	movt	r3, #2
   201a0:	e5932000 	ldr	r2, [r3]
   201a4:	e3093234 	movw	r3, #37428	; 0x9234
   201a8:	e342339f 	movt	r3, #9119	; 0x239f
   201ac:	e5823000 	str	r3, [r2]
   201b0:	e30235d0 	movw	r3, #9680	; 0x25d0
   201b4:	e3403002 	movt	r3, #2
   201b8:	e5933000 	ldr	r3, [r3]
   201bc:	e2833004 	add	r3, r3, #4
   201c0:	e3a02064 	mov	r2, #100	; 0x64
   201c4:	e5832000 	str	r2, [r3]
   201c8:	e3a03000 	mov	r3, #0
   201cc:	e50b3008 	str	r3, [fp, #-8]
   201d0:	ea000009 	b	201fc <normal_main+0x7c>
   201d4:	e30235d0 	movw	r3, #9680	; 0x25d0
   201d8:	e3403002 	movt	r3, #2
   201dc:	e5933000 	ldr	r3, [r3]
   201e0:	e2832008 	add	r2, r3, #8
   201e4:	e30830a6 	movw	r3, #32934	; 0x80a6
   201e8:	e3453c91 	movt	r3, #23697	; 0x5c91
   201ec:	e5823000 	str	r3, [r2]
   201f0:	e51b3008 	ldr	r3, [fp, #-8]
   201f4:	e2833001 	add	r3, r3, #1
   201f8:	e50b3008 	str	r3, [fp, #-8]
   201fc:	e51b3008 	ldr	r3, [fp, #-8]
   20200:	e3530063 	cmp	r3, #99	; 0x63
   20204:	dafffff2 	ble	201d4 <normal_main+0x54>
   20208:	e1600070 	smc	0
   2020c:	eaffffed 	b	201c8 <normal_main+0x48>

00020210 <skip_atoi>:
   20210:	e52db004 	push	{fp}		; (str fp, [sp, #-4]!)
   20214:	e28db000 	add	fp, sp, #0
   20218:	e24dd014 	sub	sp, sp, #20
   2021c:	e50b0010 	str	r0, [fp, #-16]
   20220:	e3a03000 	mov	r3, #0
   20224:	e50b3008 	str	r3, [fp, #-8]
   20228:	ea00000c 	b	20260 <skip_atoi+0x50>
   2022c:	e51b3008 	ldr	r3, [fp, #-8]
   20230:	e1a03083 	lsl	r3, r3, #1
   20234:	e1a02103 	lsl	r2, r3, #2
   20238:	e0832002 	add	r2, r3, r2
   2023c:	e51b3010 	ldr	r3, [fp, #-16]
   20240:	e5933000 	ldr	r3, [r3]
   20244:	e2830001 	add	r0, r3, #1
   20248:	e51b1010 	ldr	r1, [fp, #-16]
   2024c:	e5810000 	str	r0, [r1]
   20250:	e5d33000 	ldrb	r3, [r3]
   20254:	e0823003 	add	r3, r2, r3
   20258:	e2433030 	sub	r3, r3, #48	; 0x30
   2025c:	e50b3008 	str	r3, [fp, #-8]
   20260:	e51b3010 	ldr	r3, [fp, #-16]
   20264:	e5933000 	ldr	r3, [r3]
   20268:	e5d33000 	ldrb	r3, [r3]
   2026c:	e353002f 	cmp	r3, #47	; 0x2f
   20270:	9a000004 	bls	20288 <skip_atoi+0x78>
   20274:	e51b3010 	ldr	r3, [fp, #-16]
   20278:	e5933000 	ldr	r3, [r3]
   2027c:	e5d33000 	ldrb	r3, [r3]
   20280:	e3530039 	cmp	r3, #57	; 0x39
   20284:	9affffe8 	bls	2022c <skip_atoi+0x1c>
   20288:	e51b3008 	ldr	r3, [fp, #-8]
   2028c:	e1a00003 	mov	r0, r3
   20290:	e24bd000 	sub	sp, fp, #0
   20294:	e49db004 	pop	{fp}		; (ldr fp, [sp], #4)
   20298:	e12fff1e 	bx	lr

0002029c <strnlen>:
   2029c:	e52db004 	push	{fp}		; (str fp, [sp, #-4]!)
   202a0:	e28db000 	add	fp, sp, #0
   202a4:	e24dd014 	sub	sp, sp, #20
   202a8:	e50b0010 	str	r0, [fp, #-16]
   202ac:	e50b1014 	str	r1, [fp, #-20]	; 0xffffffec
   202b0:	e51b3010 	ldr	r3, [fp, #-16]
   202b4:	e50b3008 	str	r3, [fp, #-8]
   202b8:	ea000002 	b	202c8 <strnlen+0x2c>
   202bc:	e51b3008 	ldr	r3, [fp, #-8]
   202c0:	e2833001 	add	r3, r3, #1
   202c4:	e50b3008 	str	r3, [fp, #-8]
   202c8:	e51b3014 	ldr	r3, [fp, #-20]	; 0xffffffec
   202cc:	e2432001 	sub	r2, r3, #1
   202d0:	e50b2014 	str	r2, [fp, #-20]	; 0xffffffec
   202d4:	e3530000 	cmp	r3, #0
   202d8:	0a000003 	beq	202ec <strnlen+0x50>
   202dc:	e51b3008 	ldr	r3, [fp, #-8]
   202e0:	e5d33000 	ldrb	r3, [r3]
   202e4:	e3530000 	cmp	r3, #0
   202e8:	1afffff3 	bne	202bc <strnlen+0x20>
   202ec:	e51b2008 	ldr	r2, [fp, #-8]
   202f0:	e51b3010 	ldr	r3, [fp, #-16]
   202f4:	e0633002 	rsb	r3, r3, r2
   202f8:	e1a00003 	mov	r0, r3
   202fc:	e24bd000 	sub	sp, fp, #0
   20300:	e49db004 	pop	{fp}		; (ldr fp, [sp], #4)
   20304:	e12fff1e 	bx	lr

00020308 <put_dec_trunc>:
   20308:	e52db004 	push	{fp}		; (str fp, [sp, #-4]!)
   2030c:	e28db000 	add	fp, sp, #0
   20310:	e24dd01c 	sub	sp, sp, #28
   20314:	e50b0018 	str	r0, [fp, #-24]	; 0xffffffe8
   20318:	e50b101c 	str	r1, [fp, #-28]	; 0xffffffe4
   2031c:	e51b301c 	ldr	r3, [fp, #-28]	; 0xffffffe4
   20320:	e1a03223 	lsr	r3, r3, #4
   20324:	e203300f 	and	r3, r3, #15
   20328:	e50b3008 	str	r3, [fp, #-8]
   2032c:	e51b301c 	ldr	r3, [fp, #-28]	; 0xffffffe4
   20330:	e1a03423 	lsr	r3, r3, #8
   20334:	e203300f 	and	r3, r3, #15
   20338:	e50b300c 	str	r3, [fp, #-12]
   2033c:	e51b301c 	ldr	r3, [fp, #-28]	; 0xffffffe4
   20340:	e1a03623 	lsr	r3, r3, #12
   20344:	e50b3010 	str	r3, [fp, #-16]
   20348:	e51b2010 	ldr	r2, [fp, #-16]
   2034c:	e51b300c 	ldr	r3, [fp, #-12]
   20350:	e0822003 	add	r2, r2, r3
   20354:	e51b3008 	ldr	r3, [fp, #-8]
   20358:	e0823003 	add	r3, r2, r3
   2035c:	e1a03083 	lsl	r3, r3, #1
   20360:	e1a02103 	lsl	r2, r3, #2
   20364:	e0632002 	rsb	r2, r3, r2
   20368:	e51b301c 	ldr	r3, [fp, #-28]	; 0xffffffe4
   2036c:	e203300f 	and	r3, r3, #15
   20370:	e0823003 	add	r3, r2, r3
   20374:	e50b3014 	str	r3, [fp, #-20]	; 0xffffffec
   20378:	e51b3014 	ldr	r3, [fp, #-20]	; 0xffffffec
   2037c:	e3a020cd 	mov	r2, #205	; 0xcd
   20380:	e0030392 	mul	r3, r2, r3
   20384:	e1a035a3 	lsr	r3, r3, #11
   20388:	e50b301c 	str	r3, [fp, #-28]	; 0xffffffe4
   2038c:	e51b301c 	ldr	r3, [fp, #-28]	; 0xffffffe4
   20390:	e1a03083 	lsl	r3, r3, #1
   20394:	e1a02103 	lsl	r2, r3, #2
   20398:	e0833002 	add	r3, r3, r2
   2039c:	e51b2014 	ldr	r2, [fp, #-20]	; 0xffffffec
   203a0:	e0633002 	rsb	r3, r3, r2
   203a4:	e50b3014 	str	r3, [fp, #-20]	; 0xffffffec
   203a8:	e51b3018 	ldr	r3, [fp, #-24]	; 0xffffffe8
   203ac:	e2832001 	add	r2, r3, #1
   203b0:	e50b2018 	str	r2, [fp, #-24]	; 0xffffffe8
   203b4:	e51b2014 	ldr	r2, [fp, #-20]	; 0xffffffec
   203b8:	e6ef2072 	uxtb	r2, r2
   203bc:	e2822030 	add	r2, r2, #48	; 0x30
   203c0:	e6ef2072 	uxtb	r2, r2
   203c4:	e5c32000 	strb	r2, [r3]
   203c8:	e51b2010 	ldr	r2, [fp, #-16]
   203cc:	e1a03002 	mov	r3, r2
   203d0:	e1a03183 	lsl	r3, r3, #3
   203d4:	e0831002 	add	r1, r3, r2
   203d8:	e51b200c 	ldr	r2, [fp, #-12]
   203dc:	e1a03002 	mov	r3, r2
   203e0:	e1a03103 	lsl	r3, r3, #2
   203e4:	e0833002 	add	r3, r3, r2
   203e8:	e0812003 	add	r2, r1, r3
   203ec:	e51b301c 	ldr	r3, [fp, #-28]	; 0xffffffe4
   203f0:	e0823003 	add	r3, r2, r3
   203f4:	e51b2008 	ldr	r2, [fp, #-8]
   203f8:	e0823003 	add	r3, r2, r3
   203fc:	e50b3008 	str	r3, [fp, #-8]
   20400:	e51b3008 	ldr	r3, [fp, #-8]
   20404:	e3530000 	cmp	r3, #0
   20408:	0a00005d 	beq	20584 <put_dec_trunc+0x27c>
   2040c:	e51b3008 	ldr	r3, [fp, #-8]
   20410:	e3a020cd 	mov	r2, #205	; 0xcd
   20414:	e0030392 	mul	r3, r2, r3
   20418:	e1a035a3 	lsr	r3, r3, #11
   2041c:	e50b301c 	str	r3, [fp, #-28]	; 0xffffffe4
   20420:	e51b301c 	ldr	r3, [fp, #-28]	; 0xffffffe4
   20424:	e1a03083 	lsl	r3, r3, #1
   20428:	e1a02103 	lsl	r2, r3, #2
   2042c:	e0833002 	add	r3, r3, r2
   20430:	e51b2008 	ldr	r2, [fp, #-8]
   20434:	e0633002 	rsb	r3, r3, r2
   20438:	e50b3008 	str	r3, [fp, #-8]
   2043c:	e51b3018 	ldr	r3, [fp, #-24]	; 0xffffffe8
   20440:	e2832001 	add	r2, r3, #1
   20444:	e50b2018 	str	r2, [fp, #-24]	; 0xffffffe8
   20448:	e51b2008 	ldr	r2, [fp, #-8]
   2044c:	e6ef2072 	uxtb	r2, r2
   20450:	e2822030 	add	r2, r2, #48	; 0x30
   20454:	e6ef2072 	uxtb	r2, r2
   20458:	e5c32000 	strb	r2, [r3]
   2045c:	e51b300c 	ldr	r3, [fp, #-12]
   20460:	e1a02083 	lsl	r2, r3, #1
   20464:	e51b301c 	ldr	r3, [fp, #-28]	; 0xffffffe4
   20468:	e0823003 	add	r3, r2, r3
   2046c:	e50b300c 	str	r3, [fp, #-12]
   20470:	e51b300c 	ldr	r3, [fp, #-12]
   20474:	e3530000 	cmp	r3, #0
   20478:	1a000002 	bne	20488 <put_dec_trunc+0x180>
   2047c:	e51b3010 	ldr	r3, [fp, #-16]
   20480:	e3530000 	cmp	r3, #0
   20484:	0a00003e 	beq	20584 <put_dec_trunc+0x27c>
   20488:	e51b100c 	ldr	r1, [fp, #-12]
   2048c:	e1a02001 	mov	r2, r1
   20490:	e1a03102 	lsl	r3, r2, #2
   20494:	e1a02003 	mov	r2, r3
   20498:	e1a03102 	lsl	r3, r2, #2
   2049c:	e0623003 	rsb	r3, r2, r3
   204a0:	e0833001 	add	r3, r3, r1
   204a4:	e1a033a3 	lsr	r3, r3, #7
   204a8:	e50b301c 	str	r3, [fp, #-28]	; 0xffffffe4
   204ac:	e51b301c 	ldr	r3, [fp, #-28]	; 0xffffffe4
   204b0:	e1a03083 	lsl	r3, r3, #1
   204b4:	e1a02103 	lsl	r2, r3, #2
   204b8:	e0833002 	add	r3, r3, r2
   204bc:	e51b200c 	ldr	r2, [fp, #-12]
   204c0:	e0633002 	rsb	r3, r3, r2
   204c4:	e50b300c 	str	r3, [fp, #-12]
   204c8:	e51b3018 	ldr	r3, [fp, #-24]	; 0xffffffe8
   204cc:	e2832001 	add	r2, r3, #1
   204d0:	e50b2018 	str	r2, [fp, #-24]	; 0xffffffe8
   204d4:	e51b200c 	ldr	r2, [fp, #-12]
   204d8:	e6ef2072 	uxtb	r2, r2
   204dc:	e2822030 	add	r2, r2, #48	; 0x30
   204e0:	e6ef2072 	uxtb	r2, r2
   204e4:	e5c32000 	strb	r2, [r3]
   204e8:	e51b3010 	ldr	r3, [fp, #-16]
   204ec:	e1a02103 	lsl	r2, r3, #2
   204f0:	e51b301c 	ldr	r3, [fp, #-28]	; 0xffffffe4
   204f4:	e0823003 	add	r3, r2, r3
   204f8:	e50b3010 	str	r3, [fp, #-16]
   204fc:	e51b3010 	ldr	r3, [fp, #-16]
   20500:	e3530000 	cmp	r3, #0
   20504:	0a00001e 	beq	20584 <put_dec_trunc+0x27c>
   20508:	e51b3010 	ldr	r3, [fp, #-16]
   2050c:	e3a020cd 	mov	r2, #205	; 0xcd
   20510:	e0030392 	mul	r3, r2, r3
   20514:	e1a035a3 	lsr	r3, r3, #11
   20518:	e50b301c 	str	r3, [fp, #-28]	; 0xffffffe4
   2051c:	e51b301c 	ldr	r3, [fp, #-28]	; 0xffffffe4
   20520:	e1a03083 	lsl	r3, r3, #1
   20524:	e1a02103 	lsl	r2, r3, #2
   20528:	e0833002 	add	r3, r3, r2
   2052c:	e51b2010 	ldr	r2, [fp, #-16]
   20530:	e0633002 	rsb	r3, r3, r2
   20534:	e50b3010 	str	r3, [fp, #-16]
   20538:	e51b3018 	ldr	r3, [fp, #-24]	; 0xffffffe8
   2053c:	e2832001 	add	r2, r3, #1
   20540:	e50b2018 	str	r2, [fp, #-24]	; 0xffffffe8
   20544:	e51b2010 	ldr	r2, [fp, #-16]
   20548:	e6ef2072 	uxtb	r2, r2
   2054c:	e2822030 	add	r2, r2, #48	; 0x30
   20550:	e6ef2072 	uxtb	r2, r2
   20554:	e5c32000 	strb	r2, [r3]
   20558:	e51b301c 	ldr	r3, [fp, #-28]	; 0xffffffe4
   2055c:	e3530000 	cmp	r3, #0
   20560:	0a000007 	beq	20584 <put_dec_trunc+0x27c>
   20564:	e51b3018 	ldr	r3, [fp, #-24]	; 0xffffffe8
   20568:	e2832001 	add	r2, r3, #1
   2056c:	e50b2018 	str	r2, [fp, #-24]	; 0xffffffe8
   20570:	e51b201c 	ldr	r2, [fp, #-28]	; 0xffffffe4
   20574:	e6ef2072 	uxtb	r2, r2
   20578:	e2822030 	add	r2, r2, #48	; 0x30
   2057c:	e6ef2072 	uxtb	r2, r2
   20580:	e5c32000 	strb	r2, [r3]
   20584:	e51b3018 	ldr	r3, [fp, #-24]	; 0xffffffe8
   20588:	e1a00003 	mov	r0, r3
   2058c:	e24bd000 	sub	sp, fp, #0
   20590:	e49db004 	pop	{fp}		; (ldr fp, [sp], #4)
   20594:	e12fff1e 	bx	lr

00020598 <put_dec_full>:
   20598:	e52db004 	push	{fp}		; (str fp, [sp, #-4]!)
   2059c:	e28db000 	add	fp, sp, #0
   205a0:	e24dd01c 	sub	sp, sp, #28
   205a4:	e50b0018 	str	r0, [fp, #-24]	; 0xffffffe8
   205a8:	e50b101c 	str	r1, [fp, #-28]	; 0xffffffe4
   205ac:	e51b301c 	ldr	r3, [fp, #-28]	; 0xffffffe4
   205b0:	e1a03223 	lsr	r3, r3, #4
   205b4:	e203300f 	and	r3, r3, #15
   205b8:	e50b3008 	str	r3, [fp, #-8]
   205bc:	e51b301c 	ldr	r3, [fp, #-28]	; 0xffffffe4
   205c0:	e1a03423 	lsr	r3, r3, #8
   205c4:	e203300f 	and	r3, r3, #15
   205c8:	e50b300c 	str	r3, [fp, #-12]
   205cc:	e51b301c 	ldr	r3, [fp, #-28]	; 0xffffffe4
   205d0:	e1a03623 	lsr	r3, r3, #12
   205d4:	e50b3010 	str	r3, [fp, #-16]
   205d8:	e51b2010 	ldr	r2, [fp, #-16]
   205dc:	e51b300c 	ldr	r3, [fp, #-12]
   205e0:	e0822003 	add	r2, r2, r3
   205e4:	e51b3008 	ldr	r3, [fp, #-8]
   205e8:	e0823003 	add	r3, r2, r3
   205ec:	e1a03083 	lsl	r3, r3, #1
   205f0:	e1a02103 	lsl	r2, r3, #2
   205f4:	e0632002 	rsb	r2, r3, r2
   205f8:	e51b301c 	ldr	r3, [fp, #-28]	; 0xffffffe4
   205fc:	e203300f 	and	r3, r3, #15
   20600:	e0823003 	add	r3, r2, r3
   20604:	e50b3014 	str	r3, [fp, #-20]	; 0xffffffec
   20608:	e51b3014 	ldr	r3, [fp, #-20]	; 0xffffffec
   2060c:	e3a020cd 	mov	r2, #205	; 0xcd
   20610:	e0030392 	mul	r3, r2, r3
   20614:	e1a035a3 	lsr	r3, r3, #11
   20618:	e50b301c 	str	r3, [fp, #-28]	; 0xffffffe4
   2061c:	e51b301c 	ldr	r3, [fp, #-28]	; 0xffffffe4
   20620:	e1a03083 	lsl	r3, r3, #1
   20624:	e1a02103 	lsl	r2, r3, #2
   20628:	e0833002 	add	r3, r3, r2
   2062c:	e51b2014 	ldr	r2, [fp, #-20]	; 0xffffffec
   20630:	e0633002 	rsb	r3, r3, r2
   20634:	e50b3014 	str	r3, [fp, #-20]	; 0xffffffec
   20638:	e51b3018 	ldr	r3, [fp, #-24]	; 0xffffffe8
   2063c:	e2832001 	add	r2, r3, #1
   20640:	e50b2018 	str	r2, [fp, #-24]	; 0xffffffe8
   20644:	e51b2014 	ldr	r2, [fp, #-20]	; 0xffffffec
   20648:	e6ef2072 	uxtb	r2, r2
   2064c:	e2822030 	add	r2, r2, #48	; 0x30
   20650:	e6ef2072 	uxtb	r2, r2
   20654:	e5c32000 	strb	r2, [r3]
   20658:	e51b2010 	ldr	r2, [fp, #-16]
   2065c:	e1a03002 	mov	r3, r2
   20660:	e1a03183 	lsl	r3, r3, #3
   20664:	e0831002 	add	r1, r3, r2
   20668:	e51b200c 	ldr	r2, [fp, #-12]
   2066c:	e1a03002 	mov	r3, r2
   20670:	e1a03103 	lsl	r3, r3, #2
   20674:	e0833002 	add	r3, r3, r2
   20678:	e0812003 	add	r2, r1, r3
   2067c:	e51b301c 	ldr	r3, [fp, #-28]	; 0xffffffe4
   20680:	e0823003 	add	r3, r2, r3
   20684:	e51b2008 	ldr	r2, [fp, #-8]
   20688:	e0823003 	add	r3, r2, r3
   2068c:	e50b3008 	str	r3, [fp, #-8]
   20690:	e51b3008 	ldr	r3, [fp, #-8]
   20694:	e3a020cd 	mov	r2, #205	; 0xcd
   20698:	e0030392 	mul	r3, r2, r3
   2069c:	e1a035a3 	lsr	r3, r3, #11
   206a0:	e50b301c 	str	r3, [fp, #-28]	; 0xffffffe4
   206a4:	e51b301c 	ldr	r3, [fp, #-28]	; 0xffffffe4
   206a8:	e1a03083 	lsl	r3, r3, #1
   206ac:	e1a02103 	lsl	r2, r3, #2
   206b0:	e0833002 	add	r3, r3, r2
   206b4:	e51b2008 	ldr	r2, [fp, #-8]
   206b8:	e0633002 	rsb	r3, r3, r2
   206bc:	e50b3008 	str	r3, [fp, #-8]
   206c0:	e51b3018 	ldr	r3, [fp, #-24]	; 0xffffffe8
   206c4:	e2832001 	add	r2, r3, #1
   206c8:	e50b2018 	str	r2, [fp, #-24]	; 0xffffffe8
   206cc:	e51b2008 	ldr	r2, [fp, #-8]
   206d0:	e6ef2072 	uxtb	r2, r2
   206d4:	e2822030 	add	r2, r2, #48	; 0x30
   206d8:	e6ef2072 	uxtb	r2, r2
   206dc:	e5c32000 	strb	r2, [r3]
   206e0:	e51b300c 	ldr	r3, [fp, #-12]
   206e4:	e1a02083 	lsl	r2, r3, #1
   206e8:	e51b301c 	ldr	r3, [fp, #-28]	; 0xffffffe4
   206ec:	e0823003 	add	r3, r2, r3
   206f0:	e50b300c 	str	r3, [fp, #-12]
   206f4:	e51b100c 	ldr	r1, [fp, #-12]
   206f8:	e1a02001 	mov	r2, r1
   206fc:	e1a03102 	lsl	r3, r2, #2
   20700:	e1a02003 	mov	r2, r3
   20704:	e1a03102 	lsl	r3, r2, #2
   20708:	e0623003 	rsb	r3, r2, r3
   2070c:	e0833001 	add	r3, r3, r1
   20710:	e1a033a3 	lsr	r3, r3, #7
   20714:	e50b301c 	str	r3, [fp, #-28]	; 0xffffffe4
   20718:	e51b301c 	ldr	r3, [fp, #-28]	; 0xffffffe4
   2071c:	e1a03083 	lsl	r3, r3, #1
   20720:	e1a02103 	lsl	r2, r3, #2
   20724:	e0833002 	add	r3, r3, r2
   20728:	e51b200c 	ldr	r2, [fp, #-12]
   2072c:	e0633002 	rsb	r3, r3, r2
   20730:	e50b300c 	str	r3, [fp, #-12]
   20734:	e51b3018 	ldr	r3, [fp, #-24]	; 0xffffffe8
   20738:	e2832001 	add	r2, r3, #1
   2073c:	e50b2018 	str	r2, [fp, #-24]	; 0xffffffe8
   20740:	e51b200c 	ldr	r2, [fp, #-12]
   20744:	e6ef2072 	uxtb	r2, r2
   20748:	e2822030 	add	r2, r2, #48	; 0x30
   2074c:	e6ef2072 	uxtb	r2, r2
   20750:	e5c32000 	strb	r2, [r3]
   20754:	e51b3010 	ldr	r3, [fp, #-16]
   20758:	e1a02103 	lsl	r2, r3, #2
   2075c:	e51b301c 	ldr	r3, [fp, #-28]	; 0xffffffe4
   20760:	e0823003 	add	r3, r2, r3
   20764:	e50b3010 	str	r3, [fp, #-16]
   20768:	e51b3010 	ldr	r3, [fp, #-16]
   2076c:	e3a020cd 	mov	r2, #205	; 0xcd
   20770:	e0030392 	mul	r3, r2, r3
   20774:	e1a035a3 	lsr	r3, r3, #11
   20778:	e50b301c 	str	r3, [fp, #-28]	; 0xffffffe4
   2077c:	e51b301c 	ldr	r3, [fp, #-28]	; 0xffffffe4
   20780:	e1a03083 	lsl	r3, r3, #1
   20784:	e1a02103 	lsl	r2, r3, #2
   20788:	e0833002 	add	r3, r3, r2
   2078c:	e51b2010 	ldr	r2, [fp, #-16]
   20790:	e0633002 	rsb	r3, r3, r2
   20794:	e50b3010 	str	r3, [fp, #-16]
   20798:	e51b3018 	ldr	r3, [fp, #-24]	; 0xffffffe8
   2079c:	e2832001 	add	r2, r3, #1
   207a0:	e50b2018 	str	r2, [fp, #-24]	; 0xffffffe8
   207a4:	e51b2010 	ldr	r2, [fp, #-16]
   207a8:	e6ef2072 	uxtb	r2, r2
   207ac:	e2822030 	add	r2, r2, #48	; 0x30
   207b0:	e6ef2072 	uxtb	r2, r2
   207b4:	e5c32000 	strb	r2, [r3]
   207b8:	e51b3018 	ldr	r3, [fp, #-24]	; 0xffffffe8
   207bc:	e2832001 	add	r2, r3, #1
   207c0:	e50b2018 	str	r2, [fp, #-24]	; 0xffffffe8
   207c4:	e51b201c 	ldr	r2, [fp, #-28]	; 0xffffffe4
   207c8:	e6ef2072 	uxtb	r2, r2
   207cc:	e2822030 	add	r2, r2, #48	; 0x30
   207d0:	e6ef2072 	uxtb	r2, r2
   207d4:	e5c32000 	strb	r2, [r3]
   207d8:	e51b3018 	ldr	r3, [fp, #-24]	; 0xffffffe8
   207dc:	e1a00003 	mov	r0, r3
   207e0:	e24bd000 	sub	sp, fp, #0
   207e4:	e49db004 	pop	{fp}		; (ldr fp, [sp], #4)
   207e8:	e12fff1e 	bx	lr

000207ec <put_dec>:
   207ec:	e92d4800 	push	{fp, lr}
   207f0:	e28db004 	add	fp, sp, #4
   207f4:	e24dd018 	sub	sp, sp, #24
   207f8:	e50b0018 	str	r0, [fp, #-24]	; 0xffffffe8
   207fc:	e50b101c 	str	r1, [fp, #-28]	; 0xffffffe4
   20800:	e51b201c 	ldr	r2, [fp, #-28]	; 0xffffffe4
   20804:	e308369f 	movw	r3, #34463	; 0x869f
   20808:	e3403001 	movt	r3, #1
   2080c:	e1520003 	cmp	r2, r3
   20810:	8a000005 	bhi	2082c <put_dec+0x40>
   20814:	e51b301c 	ldr	r3, [fp, #-28]	; 0xffffffe4
   20818:	e51b0018 	ldr	r0, [fp, #-24]	; 0xffffffe8
   2081c:	e1a01003 	mov	r1, r3
   20820:	ebfffeb8 	bl	20308 <put_dec_trunc>
   20824:	e1a03000 	mov	r3, r0
   20828:	ea00001e 	b	208a8 <put_dec+0xbc>
   2082c:	e30836a0 	movw	r3, #34464	; 0x86a0
   20830:	e3403001 	movt	r3, #1
   20834:	e50b300c 	str	r3, [fp, #-12]
   20838:	e3a03000 	mov	r3, #0
   2083c:	e3530000 	cmp	r3, #0
   20840:	1a00000c 	bne	20878 <put_dec+0x8c>
   20844:	e51b301c 	ldr	r3, [fp, #-28]	; 0xffffffe4
   20848:	e1a00003 	mov	r0, r3
   2084c:	e51b100c 	ldr	r1, [fp, #-12]
   20850:	eb000701 	bl	2245c <__aeabi_uidivmod>
   20854:	e1a03001 	mov	r3, r1
   20858:	e50b3008 	str	r3, [fp, #-8]
   2085c:	e51b301c 	ldr	r3, [fp, #-28]	; 0xffffffe4
   20860:	e1a00003 	mov	r0, r3
   20864:	e51b100c 	ldr	r1, [fp, #-12]
   20868:	eb000680 	bl	22270 <__aeabi_uidiv>
   2086c:	e1a03000 	mov	r3, r0
   20870:	e50b301c 	str	r3, [fp, #-28]	; 0xffffffe4
   20874:	ea000004 	b	2088c <put_dec+0xa0>
   20878:	e24b301c 	sub	r3, fp, #28
   2087c:	e1a00003 	mov	r0, r3
   20880:	e51b100c 	ldr	r1, [fp, #-12]
   20884:	eb000467 	bl	21a28 <__div64_32>
   20888:	e50b0008 	str	r0, [fp, #-8]
   2088c:	e51b3008 	ldr	r3, [fp, #-8]
   20890:	e50b3010 	str	r3, [fp, #-16]
   20894:	e51b0018 	ldr	r0, [fp, #-24]	; 0xffffffe8
   20898:	e51b1010 	ldr	r1, [fp, #-16]
   2089c:	ebffff3d 	bl	20598 <put_dec_full>
   208a0:	e50b0018 	str	r0, [fp, #-24]	; 0xffffffe8
   208a4:	eaffffd5 	b	20800 <put_dec+0x14>
   208a8:	e1a00003 	mov	r0, r3
   208ac:	e24bd004 	sub	sp, fp, #4
   208b0:	e8bd8800 	pop	{fp, pc}

000208b4 <number>:
   208b4:	e92d4830 	push	{r4, r5, fp, lr}
   208b8:	e28db00c 	add	fp, sp, #12
   208bc:	e24dd070 	sub	sp, sp, #112	; 0x70
   208c0:	e50b0070 	str	r0, [fp, #-112]	; 0xffffff90
   208c4:	e50b1074 	str	r1, [fp, #-116]	; 0xffffff8c
   208c8:	e14b27fc 	strd	r2, [fp, #-124]	; 0xffffff84
   208cc:	e59b3010 	ldr	r3, [fp, #16]
   208d0:	e2033040 	and	r3, r3, #64	; 0x40
   208d4:	e3530000 	cmp	r3, #0
   208d8:	0a000004 	beq	208f0 <number+0x3c>
   208dc:	e59b3004 	ldr	r3, [fp, #4]
   208e0:	e353000a 	cmp	r3, #10
   208e4:	0a000001 	beq	208f0 <number+0x3c>
   208e8:	e3a03001 	mov	r3, #1
   208ec:	ea000000 	b	208f4 <number+0x40>
   208f0:	e3a03000 	mov	r3, #0
   208f4:	e50b301c 	str	r3, [fp, #-28]	; 0xffffffe4
   208f8:	e59b3010 	ldr	r3, [fp, #16]
   208fc:	e6ef3073 	uxtb	r3, r3
   20900:	e2033020 	and	r3, r3, #32
   20904:	e54b301d 	strb	r3, [fp, #-29]	; 0xffffffe3
   20908:	e59b3010 	ldr	r3, [fp, #16]
   2090c:	e2033010 	and	r3, r3, #16
   20910:	e3530000 	cmp	r3, #0
   20914:	0a000002 	beq	20924 <number+0x70>
   20918:	e59b3010 	ldr	r3, [fp, #16]
   2091c:	e3c33001 	bic	r3, r3, #1
   20920:	e58b3010 	str	r3, [fp, #16]
   20924:	e3a03000 	mov	r3, #0
   20928:	e54b300d 	strb	r3, [fp, #-13]
   2092c:	e59b3010 	ldr	r3, [fp, #16]
   20930:	e2033002 	and	r3, r3, #2
   20934:	e3530000 	cmp	r3, #0
   20938:	0a000020 	beq	209c0 <number+0x10c>
   2093c:	e14b27dc 	ldrd	r2, [fp, #-124]	; 0xffffff84
   20940:	e3520000 	cmp	r2, #0
   20944:	e2d33000 	sbcs	r3, r3, #0
   20948:	aa000009 	bge	20974 <number+0xc0>
   2094c:	e3a0302d 	mov	r3, #45	; 0x2d
   20950:	e54b300d 	strb	r3, [fp, #-13]
   20954:	e14b27dc 	ldrd	r2, [fp, #-124]	; 0xffffff84
   20958:	e2722000 	rsbs	r2, r2, #0
   2095c:	e2e33000 	rsc	r3, r3, #0
   20960:	e14b27fc 	strd	r2, [fp, #-124]	; 0xffffff84
   20964:	e59b3008 	ldr	r3, [fp, #8]
   20968:	e2433001 	sub	r3, r3, #1
   2096c:	e58b3008 	str	r3, [fp, #8]
   20970:	ea000012 	b	209c0 <number+0x10c>
   20974:	e59b3010 	ldr	r3, [fp, #16]
   20978:	e2033004 	and	r3, r3, #4
   2097c:	e3530000 	cmp	r3, #0
   20980:	0a000005 	beq	2099c <number+0xe8>
   20984:	e3a0302b 	mov	r3, #43	; 0x2b
   20988:	e54b300d 	strb	r3, [fp, #-13]
   2098c:	e59b3008 	ldr	r3, [fp, #8]
   20990:	e2433001 	sub	r3, r3, #1
   20994:	e58b3008 	str	r3, [fp, #8]
   20998:	ea000008 	b	209c0 <number+0x10c>
   2099c:	e59b3010 	ldr	r3, [fp, #16]
   209a0:	e2033008 	and	r3, r3, #8
   209a4:	e3530000 	cmp	r3, #0
   209a8:	0a000004 	beq	209c0 <number+0x10c>
   209ac:	e3a03020 	mov	r3, #32
   209b0:	e54b300d 	strb	r3, [fp, #-13]
   209b4:	e59b3008 	ldr	r3, [fp, #8]
   209b8:	e2433001 	sub	r3, r3, #1
   209bc:	e58b3008 	str	r3, [fp, #8]
   209c0:	e51b301c 	ldr	r3, [fp, #-28]	; 0xffffffe4
   209c4:	e3530000 	cmp	r3, #0
   209c8:	0a000008 	beq	209f0 <number+0x13c>
   209cc:	e59b3008 	ldr	r3, [fp, #8]
   209d0:	e2433001 	sub	r3, r3, #1
   209d4:	e58b3008 	str	r3, [fp, #8]
   209d8:	e59b3004 	ldr	r3, [fp, #4]
   209dc:	e3530010 	cmp	r3, #16
   209e0:	1a000002 	bne	209f0 <number+0x13c>
   209e4:	e59b3008 	ldr	r3, [fp, #8]
   209e8:	e2433001 	sub	r3, r3, #1
   209ec:	e58b3008 	str	r3, [fp, #8]
   209f0:	e3a03000 	mov	r3, #0
   209f4:	e50b3014 	str	r3, [fp, #-20]	; 0xffffffec
   209f8:	e14b27dc 	ldrd	r2, [fp, #-124]	; 0xffffff84
   209fc:	e1923003 	orrs	r3, r2, r3
   20a00:	1a000007 	bne	20a24 <number+0x170>
   20a04:	e51b3014 	ldr	r3, [fp, #-20]	; 0xffffffec
   20a08:	e2832001 	add	r2, r3, #1
   20a0c:	e50b2014 	str	r2, [fp, #-20]	; 0xffffffec
   20a10:	e24b200c 	sub	r2, fp, #12
   20a14:	e0823003 	add	r3, r2, r3
   20a18:	e3a02030 	mov	r2, #48	; 0x30
   20a1c:	e543205c 	strb	r2, [r3, #-92]	; 0xffffffa4
   20a20:	ea000034 	b	20af8 <number+0x244>
   20a24:	e59b3004 	ldr	r3, [fp, #4]
   20a28:	e353000a 	cmp	r3, #10
   20a2c:	0a000027 	beq	20ad0 <number+0x21c>
   20a30:	e59b3004 	ldr	r3, [fp, #4]
   20a34:	e2433001 	sub	r3, r3, #1
   20a38:	e50b3024 	str	r3, [fp, #-36]	; 0xffffffdc
   20a3c:	e3a03003 	mov	r3, #3
   20a40:	e50b3018 	str	r3, [fp, #-24]	; 0xffffffe8
   20a44:	e59b3004 	ldr	r3, [fp, #4]
   20a48:	e3530010 	cmp	r3, #16
   20a4c:	1a000001 	bne	20a58 <number+0x1a4>
   20a50:	e3a03004 	mov	r3, #4
   20a54:	e50b3018 	str	r3, [fp, #-24]	; 0xffffffe8
   20a58:	e51b2014 	ldr	r2, [fp, #-20]	; 0xffffffec
   20a5c:	e2823001 	add	r3, r2, #1
   20a60:	e50b3014 	str	r3, [fp, #-20]	; 0xffffffec
   20a64:	e55b307c 	ldrb	r3, [fp, #-124]	; 0xffffff84
   20a68:	e1a01003 	mov	r1, r3
   20a6c:	e51b3024 	ldr	r3, [fp, #-36]	; 0xffffffdc
   20a70:	e0011003 	and	r1, r1, r3
   20a74:	e30235c0 	movw	r3, #9664	; 0x25c0
   20a78:	e3403002 	movt	r3, #2
   20a7c:	e7d31001 	ldrb	r1, [r3, r1]
   20a80:	e55b301d 	ldrb	r3, [fp, #-29]	; 0xffffffe3
   20a84:	e1813003 	orr	r3, r1, r3
   20a88:	e6ef1073 	uxtb	r1, r3
   20a8c:	e24b300c 	sub	r3, fp, #12
   20a90:	e0833002 	add	r3, r3, r2
   20a94:	e1a02001 	mov	r2, r1
   20a98:	e543205c 	strb	r2, [r3, #-92]	; 0xffffffa4
   20a9c:	e14b27dc 	ldrd	r2, [fp, #-124]	; 0xffffff84
   20aa0:	e51b1018 	ldr	r1, [fp, #-24]	; 0xffffffe8
   20aa4:	e261c020 	rsb	ip, r1, #32
   20aa8:	e2410020 	sub	r0, r1, #32
   20aac:	e1a04132 	lsr	r4, r2, r1
   20ab0:	e1844c13 	orr	r4, r4, r3, lsl ip
   20ab4:	e1844033 	orr	r4, r4, r3, lsr r0
   20ab8:	e1a05133 	lsr	r5, r3, r1
   20abc:	e14b47fc 	strd	r4, [fp, #-124]	; 0xffffff84
   20ac0:	e14b27dc 	ldrd	r2, [fp, #-124]	; 0xffffff84
   20ac4:	e1923003 	orrs	r3, r2, r3
   20ac8:	1affffe2 	bne	20a58 <number+0x1a4>
   20acc:	ea000009 	b	20af8 <number+0x244>
   20ad0:	e51b307c 	ldr	r3, [fp, #-124]	; 0xffffff84
   20ad4:	e24b2068 	sub	r2, fp, #104	; 0x68
   20ad8:	e1a00002 	mov	r0, r2
   20adc:	e1a01003 	mov	r1, r3
   20ae0:	ebffff41 	bl	207ec <put_dec>
   20ae4:	e1a03000 	mov	r3, r0
   20ae8:	e1a02003 	mov	r2, r3
   20aec:	e24b3068 	sub	r3, fp, #104	; 0x68
   20af0:	e0633002 	rsb	r3, r3, r2
   20af4:	e50b3014 	str	r3, [fp, #-20]	; 0xffffffec
   20af8:	e51b2014 	ldr	r2, [fp, #-20]	; 0xffffffec
   20afc:	e59b300c 	ldr	r3, [fp, #12]
   20b00:	e1520003 	cmp	r2, r3
   20b04:	da000001 	ble	20b10 <number+0x25c>
   20b08:	e51b3014 	ldr	r3, [fp, #-20]	; 0xffffffec
   20b0c:	e58b300c 	str	r3, [fp, #12]
   20b10:	e59b2008 	ldr	r2, [fp, #8]
   20b14:	e59b300c 	ldr	r3, [fp, #12]
   20b18:	e0633002 	rsb	r3, r3, r2
   20b1c:	e58b3008 	str	r3, [fp, #8]
   20b20:	e59b3010 	ldr	r3, [fp, #16]
   20b24:	e2033011 	and	r3, r3, #17
   20b28:	e3530000 	cmp	r3, #0
   20b2c:	1a00000b 	bne	20b60 <number+0x2ac>
   20b30:	ea000004 	b	20b48 <number+0x294>
   20b34:	e51b3070 	ldr	r3, [fp, #-112]	; 0xffffff90
   20b38:	e2832001 	add	r2, r3, #1
   20b3c:	e50b2070 	str	r2, [fp, #-112]	; 0xffffff90
   20b40:	e3a02020 	mov	r2, #32
   20b44:	e5c32000 	strb	r2, [r3]
   20b48:	e59b3008 	ldr	r3, [fp, #8]
   20b4c:	e2433001 	sub	r3, r3, #1
   20b50:	e58b3008 	str	r3, [fp, #8]
   20b54:	e59b3008 	ldr	r3, [fp, #8]
   20b58:	e3530000 	cmp	r3, #0
   20b5c:	aafffff4 	bge	20b34 <number+0x280>
   20b60:	e55b300d 	ldrb	r3, [fp, #-13]
   20b64:	e3530000 	cmp	r3, #0
   20b68:	0a000004 	beq	20b80 <number+0x2cc>
   20b6c:	e51b3070 	ldr	r3, [fp, #-112]	; 0xffffff90
   20b70:	e2832001 	add	r2, r3, #1
   20b74:	e50b2070 	str	r2, [fp, #-112]	; 0xffffff90
   20b78:	e55b200d 	ldrb	r2, [fp, #-13]
   20b7c:	e5c32000 	strb	r2, [r3]
   20b80:	e51b301c 	ldr	r3, [fp, #-28]	; 0xffffffe4
   20b84:	e3530000 	cmp	r3, #0
   20b88:	0a00000e 	beq	20bc8 <number+0x314>
   20b8c:	e51b3070 	ldr	r3, [fp, #-112]	; 0xffffff90
   20b90:	e2832001 	add	r2, r3, #1
   20b94:	e50b2070 	str	r2, [fp, #-112]	; 0xffffff90
   20b98:	e3a02030 	mov	r2, #48	; 0x30
   20b9c:	e5c32000 	strb	r2, [r3]
   20ba0:	e59b3004 	ldr	r3, [fp, #4]
   20ba4:	e3530010 	cmp	r3, #16
   20ba8:	1a000006 	bne	20bc8 <number+0x314>
   20bac:	e51b3070 	ldr	r3, [fp, #-112]	; 0xffffff90
   20bb0:	e2832001 	add	r2, r3, #1
   20bb4:	e50b2070 	str	r2, [fp, #-112]	; 0xffffff90
   20bb8:	e55b201d 	ldrb	r2, [fp, #-29]	; 0xffffffe3
   20bbc:	e3822058 	orr	r2, r2, #88	; 0x58
   20bc0:	e6ef2072 	uxtb	r2, r2
   20bc4:	e5c32000 	strb	r2, [r3]
   20bc8:	e59b3010 	ldr	r3, [fp, #16]
   20bcc:	e2033010 	and	r3, r3, #16
   20bd0:	e3530000 	cmp	r3, #0
   20bd4:	1a000013 	bne	20c28 <number+0x374>
   20bd8:	e59b3010 	ldr	r3, [fp, #16]
   20bdc:	e2033001 	and	r3, r3, #1
   20be0:	e3530000 	cmp	r3, #0
   20be4:	0a000001 	beq	20bf0 <number+0x33c>
   20be8:	e3a03030 	mov	r3, #48	; 0x30
   20bec:	ea000000 	b	20bf4 <number+0x340>
   20bf0:	e3a03020 	mov	r3, #32
   20bf4:	e54b3025 	strb	r3, [fp, #-37]	; 0xffffffdb
   20bf8:	ea000004 	b	20c10 <number+0x35c>
   20bfc:	e51b3070 	ldr	r3, [fp, #-112]	; 0xffffff90
   20c00:	e2832001 	add	r2, r3, #1
   20c04:	e50b2070 	str	r2, [fp, #-112]	; 0xffffff90
   20c08:	e55b2025 	ldrb	r2, [fp, #-37]	; 0xffffffdb
   20c0c:	e5c32000 	strb	r2, [r3]
   20c10:	e59b3008 	ldr	r3, [fp, #8]
   20c14:	e2433001 	sub	r3, r3, #1
   20c18:	e58b3008 	str	r3, [fp, #8]
   20c1c:	e59b3008 	ldr	r3, [fp, #8]
   20c20:	e3530000 	cmp	r3, #0
   20c24:	aafffff4 	bge	20bfc <number+0x348>
   20c28:	ea000004 	b	20c40 <number+0x38c>
   20c2c:	e51b3070 	ldr	r3, [fp, #-112]	; 0xffffff90
   20c30:	e2832001 	add	r2, r3, #1
   20c34:	e50b2070 	str	r2, [fp, #-112]	; 0xffffff90
   20c38:	e3a02030 	mov	r2, #48	; 0x30
   20c3c:	e5c32000 	strb	r2, [r3]
   20c40:	e59b300c 	ldr	r3, [fp, #12]
   20c44:	e2433001 	sub	r3, r3, #1
   20c48:	e58b300c 	str	r3, [fp, #12]
   20c4c:	e59b200c 	ldr	r2, [fp, #12]
   20c50:	e51b3014 	ldr	r3, [fp, #-20]	; 0xffffffec
   20c54:	e1520003 	cmp	r2, r3
   20c58:	aafffff3 	bge	20c2c <number+0x378>
   20c5c:	ea000007 	b	20c80 <number+0x3cc>
   20c60:	e51b3070 	ldr	r3, [fp, #-112]	; 0xffffff90
   20c64:	e2832001 	add	r2, r3, #1
   20c68:	e50b2070 	str	r2, [fp, #-112]	; 0xffffff90
   20c6c:	e24b1068 	sub	r1, fp, #104	; 0x68
   20c70:	e51b2014 	ldr	r2, [fp, #-20]	; 0xffffffec
   20c74:	e0812002 	add	r2, r1, r2
   20c78:	e5d22000 	ldrb	r2, [r2]
   20c7c:	e5c32000 	strb	r2, [r3]
   20c80:	e51b3014 	ldr	r3, [fp, #-20]	; 0xffffffec
   20c84:	e2433001 	sub	r3, r3, #1
   20c88:	e50b3014 	str	r3, [fp, #-20]	; 0xffffffec
   20c8c:	e51b3014 	ldr	r3, [fp, #-20]	; 0xffffffec
   20c90:	e3530000 	cmp	r3, #0
   20c94:	aafffff1 	bge	20c60 <number+0x3ac>
   20c98:	ea000004 	b	20cb0 <number+0x3fc>
   20c9c:	e51b3070 	ldr	r3, [fp, #-112]	; 0xffffff90
   20ca0:	e2832001 	add	r2, r3, #1
   20ca4:	e50b2070 	str	r2, [fp, #-112]	; 0xffffff90
   20ca8:	e3a02020 	mov	r2, #32
   20cac:	e5c32000 	strb	r2, [r3]
   20cb0:	e59b3008 	ldr	r3, [fp, #8]
   20cb4:	e2433001 	sub	r3, r3, #1
   20cb8:	e58b3008 	str	r3, [fp, #8]
   20cbc:	e59b3008 	ldr	r3, [fp, #8]
   20cc0:	e3530000 	cmp	r3, #0
   20cc4:	aafffff4 	bge	20c9c <number+0x3e8>
   20cc8:	e51b3070 	ldr	r3, [fp, #-112]	; 0xffffff90
   20ccc:	e1a00003 	mov	r0, r3
   20cd0:	e24bd00c 	sub	sp, fp, #12
   20cd4:	e8bd8830 	pop	{r4, r5, fp, pc}

00020cd8 <string>:
   20cd8:	e92d4800 	push	{fp, lr}
   20cdc:	e28db004 	add	fp, sp, #4
   20ce0:	e24dd018 	sub	sp, sp, #24
   20ce4:	e50b0010 	str	r0, [fp, #-16]
   20ce8:	e50b1014 	str	r1, [fp, #-20]	; 0xffffffec
   20cec:	e50b2018 	str	r2, [fp, #-24]	; 0xffffffe8
   20cf0:	e50b301c 	str	r3, [fp, #-28]	; 0xffffffe4
   20cf4:	e51b3018 	ldr	r3, [fp, #-24]	; 0xffffffe8
   20cf8:	e3530000 	cmp	r3, #0
   20cfc:	1a000002 	bne	20d0c <string+0x34>
   20d00:	e302358c 	movw	r3, #9612	; 0x258c
   20d04:	e3403002 	movt	r3, #2
   20d08:	e50b3018 	str	r3, [fp, #-24]	; 0xffffffe8
   20d0c:	e59b3004 	ldr	r3, [fp, #4]
   20d10:	e51b0018 	ldr	r0, [fp, #-24]	; 0xffffffe8
   20d14:	e1a01003 	mov	r1, r3
   20d18:	ebfffd5f 	bl	2029c <strnlen>
   20d1c:	e1a03000 	mov	r3, r0
   20d20:	e50b300c 	str	r3, [fp, #-12]
   20d24:	e59b3008 	ldr	r3, [fp, #8]
   20d28:	e2033010 	and	r3, r3, #16
   20d2c:	e3530000 	cmp	r3, #0
   20d30:	1a00000b 	bne	20d64 <string+0x8c>
   20d34:	ea000004 	b	20d4c <string+0x74>
   20d38:	e51b3010 	ldr	r3, [fp, #-16]
   20d3c:	e2832001 	add	r2, r3, #1
   20d40:	e50b2010 	str	r2, [fp, #-16]
   20d44:	e3a02020 	mov	r2, #32
   20d48:	e5c32000 	strb	r2, [r3]
   20d4c:	e51b301c 	ldr	r3, [fp, #-28]	; 0xffffffe4
   20d50:	e2432001 	sub	r2, r3, #1
   20d54:	e50b201c 	str	r2, [fp, #-28]	; 0xffffffe4
   20d58:	e51b200c 	ldr	r2, [fp, #-12]
   20d5c:	e1530002 	cmp	r3, r2
   20d60:	cafffff4 	bgt	20d38 <string+0x60>
   20d64:	e3a03000 	mov	r3, #0
   20d68:	e50b3008 	str	r3, [fp, #-8]
   20d6c:	ea00000a 	b	20d9c <string+0xc4>
   20d70:	e51b3010 	ldr	r3, [fp, #-16]
   20d74:	e2832001 	add	r2, r3, #1
   20d78:	e50b2010 	str	r2, [fp, #-16]
   20d7c:	e51b2018 	ldr	r2, [fp, #-24]	; 0xffffffe8
   20d80:	e2821001 	add	r1, r2, #1
   20d84:	e50b1018 	str	r1, [fp, #-24]	; 0xffffffe8
   20d88:	e5d22000 	ldrb	r2, [r2]
   20d8c:	e5c32000 	strb	r2, [r3]
   20d90:	e51b3008 	ldr	r3, [fp, #-8]
   20d94:	e2833001 	add	r3, r3, #1
   20d98:	e50b3008 	str	r3, [fp, #-8]
   20d9c:	e51b2008 	ldr	r2, [fp, #-8]
   20da0:	e51b300c 	ldr	r3, [fp, #-12]
   20da4:	e1520003 	cmp	r2, r3
   20da8:	bafffff0 	blt	20d70 <string+0x98>
   20dac:	ea000004 	b	20dc4 <string+0xec>
   20db0:	e51b3010 	ldr	r3, [fp, #-16]
   20db4:	e2832001 	add	r2, r3, #1
   20db8:	e50b2010 	str	r2, [fp, #-16]
   20dbc:	e3a02020 	mov	r2, #32
   20dc0:	e5c32000 	strb	r2, [r3]
   20dc4:	e51b301c 	ldr	r3, [fp, #-28]	; 0xffffffe4
   20dc8:	e2432001 	sub	r2, r3, #1
   20dcc:	e50b201c 	str	r2, [fp, #-28]	; 0xffffffe4
   20dd0:	e51b200c 	ldr	r2, [fp, #-12]
   20dd4:	e1530002 	cmp	r3, r2
   20dd8:	cafffff4 	bgt	20db0 <string+0xd8>
   20ddc:	e51b3010 	ldr	r3, [fp, #-16]
   20de0:	e1a00003 	mov	r0, r3
   20de4:	e24bd004 	sub	sp, fp, #4
   20de8:	e8bd8800 	pop	{fp, pc}

00020dec <pointer>:
   20dec:	e92d4800 	push	{fp, lr}
   20df0:	e28db004 	add	fp, sp, #4
   20df4:	e24dd028 	sub	sp, sp, #40	; 0x28
   20df8:	e50b0010 	str	r0, [fp, #-16]
   20dfc:	e50b1014 	str	r1, [fp, #-20]	; 0xffffffec
   20e00:	e50b2018 	str	r2, [fp, #-24]	; 0xffffffe8
   20e04:	e50b301c 	str	r3, [fp, #-28]	; 0xffffffe4
   20e08:	e51b301c 	ldr	r3, [fp, #-28]	; 0xffffffe4
   20e0c:	e1a02003 	mov	r2, r3
   20e10:	e3a03000 	mov	r3, #0
   20e14:	e14b20fc 	strd	r2, [fp, #-12]
   20e18:	e51b3010 	ldr	r3, [fp, #-16]
   20e1c:	e5d33000 	ldrb	r3, [r3]
   20e20:	e3530061 	cmp	r3, #97	; 0x61
   20e24:	0a000002 	beq	20e34 <pointer+0x48>
   20e28:	e353006d 	cmp	r3, #109	; 0x6d
   20e2c:	0a00000a 	beq	20e5c <pointer+0x70>
   20e30:	ea00000d 	b	20e6c <pointer+0x80>
   20e34:	e59b300c 	ldr	r3, [fp, #12]
   20e38:	e3833041 	orr	r3, r3, #65	; 0x41
   20e3c:	e58b300c 	str	r3, [fp, #12]
   20e40:	e3a03012 	mov	r3, #18
   20e44:	e58b3004 	str	r3, [fp, #4]
   20e48:	e51b301c 	ldr	r3, [fp, #-28]	; 0xffffffe4
   20e4c:	e1c320d0 	ldrd	r2, [r3]
   20e50:	e14b20fc 	strd	r2, [fp, #-12]
   20e54:	e1a00000 	nop			; (mov r0, r0)
   20e58:	ea000003 	b	20e6c <pointer+0x80>
   20e5c:	e59b300c 	ldr	r3, [fp, #12]
   20e60:	e3833040 	orr	r3, r3, #64	; 0x40
   20e64:	e58b300c 	str	r3, [fp, #12]
   20e68:	e1a00000 	nop			; (mov r0, r0)
   20e6c:	e59b300c 	ldr	r3, [fp, #12]
   20e70:	e3833020 	orr	r3, r3, #32
   20e74:	e58b300c 	str	r3, [fp, #12]
   20e78:	e59b3004 	ldr	r3, [fp, #4]
   20e7c:	e3730001 	cmn	r3, #1
   20e80:	1a000004 	bne	20e98 <pointer+0xac>
   20e84:	e3a03008 	mov	r3, #8
   20e88:	e58b3004 	str	r3, [fp, #4]
   20e8c:	e59b300c 	ldr	r3, [fp, #12]
   20e90:	e3833001 	orr	r3, r3, #1
   20e94:	e58b300c 	str	r3, [fp, #12]
   20e98:	e3a03010 	mov	r3, #16
   20e9c:	e58d3000 	str	r3, [sp]
   20ea0:	e59b3004 	ldr	r3, [fp, #4]
   20ea4:	e58d3004 	str	r3, [sp, #4]
   20ea8:	e59b3008 	ldr	r3, [fp, #8]
   20eac:	e58d3008 	str	r3, [sp, #8]
   20eb0:	e59b300c 	ldr	r3, [fp, #12]
   20eb4:	e58d300c 	str	r3, [sp, #12]
   20eb8:	e51b0014 	ldr	r0, [fp, #-20]	; 0xffffffec
   20ebc:	e51b1018 	ldr	r1, [fp, #-24]	; 0xffffffe8
   20ec0:	e14b20dc 	ldrd	r2, [fp, #-12]
   20ec4:	ebfffe7a 	bl	208b4 <number>
   20ec8:	e1a03000 	mov	r3, r0
   20ecc:	e1a00003 	mov	r0, r3
   20ed0:	e24bd004 	sub	sp, fp, #4
   20ed4:	e8bd8800 	pop	{fp, pc}

00020ed8 <vsnprintf_internal>:
   20ed8:	e92d4800 	push	{fp, lr}
   20edc:	e28db004 	add	fp, sp, #4
   20ee0:	e24dd050 	sub	sp, sp, #80	; 0x50
   20ee4:	e50b0038 	str	r0, [fp, #-56]	; 0xffffffc8
   20ee8:	e50b103c 	str	r1, [fp, #-60]	; 0xffffffc4
   20eec:	e50b2040 	str	r2, [fp, #-64]	; 0xffffffc0
   20ef0:	e50b3044 	str	r3, [fp, #-68]	; 0xffffffbc
   20ef4:	e51b2038 	ldr	r2, [fp, #-56]	; 0xffffffc8
   20ef8:	e51b303c 	ldr	r3, [fp, #-60]	; 0xffffffc4
   20efc:	e0823003 	add	r3, r2, r3
   20f00:	e50b3028 	str	r3, [fp, #-40]	; 0xffffffd8
   20f04:	e51b3038 	ldr	r3, [fp, #-56]	; 0xffffffc8
   20f08:	e50b3014 	str	r3, [fp, #-20]	; 0xffffffec
   20f0c:	ea00020d 	b	21748 <vsnprintf_internal+0x870>
   20f10:	e51b3040 	ldr	r3, [fp, #-64]	; 0xffffffc0
   20f14:	e5d33000 	ldrb	r3, [r3]
   20f18:	e3530025 	cmp	r3, #37	; 0x25
   20f1c:	0a000006 	beq	20f3c <vsnprintf_internal+0x64>
   20f20:	e51b3014 	ldr	r3, [fp, #-20]	; 0xffffffec
   20f24:	e2832001 	add	r2, r3, #1
   20f28:	e50b2014 	str	r2, [fp, #-20]	; 0xffffffec
   20f2c:	e51b2040 	ldr	r2, [fp, #-64]	; 0xffffffc0
   20f30:	e5d22000 	ldrb	r2, [r2]
   20f34:	e5c32000 	strb	r2, [r3]
   20f38:	ea0001ff 	b	2173c <vsnprintf_internal+0x864>
   20f3c:	e3a03000 	mov	r3, #0
   20f40:	e50b3018 	str	r3, [fp, #-24]	; 0xffffffe8
   20f44:	e51b3040 	ldr	r3, [fp, #-64]	; 0xffffffc0
   20f48:	e2833001 	add	r3, r3, #1
   20f4c:	e50b3040 	str	r3, [fp, #-64]	; 0xffffffc0
   20f50:	e51b3040 	ldr	r3, [fp, #-64]	; 0xffffffc0
   20f54:	e5d33000 	ldrb	r3, [r3]
   20f58:	e2433020 	sub	r3, r3, #32
   20f5c:	e3530010 	cmp	r3, #16
   20f60:	979ff103 	ldrls	pc, [pc, r3, lsl #2]
   20f64:	ea000024 	b	20ffc <vsnprintf_internal+0x124>
   20f68:	00020fcc 	andeq	r0, r2, ip, asr #31
   20f6c:	00020ffc 	strdeq	r0, [r2], -ip
   20f70:	00020ffc 	strdeq	r0, [r2], -ip
   20f74:	00020fdc 	ldrdeq	r0, [r2], -ip
   20f78:	00020ffc 	strdeq	r0, [r2], -ip
   20f7c:	00020ffc 	strdeq	r0, [r2], -ip
   20f80:	00020ffc 	strdeq	r0, [r2], -ip
   20f84:	00020ffc 	strdeq	r0, [r2], -ip
   20f88:	00020ffc 	strdeq	r0, [r2], -ip
   20f8c:	00020ffc 	strdeq	r0, [r2], -ip
   20f90:	00020ffc 	strdeq	r0, [r2], -ip
   20f94:	00020fbc 			; <UNDEFINED> instruction: 0x00020fbc
   20f98:	00020ffc 	strdeq	r0, [r2], -ip
   20f9c:	00020fac 	andeq	r0, r2, ip, lsr #31
   20fa0:	00020ffc 	strdeq	r0, [r2], -ip
   20fa4:	00020ffc 	strdeq	r0, [r2], -ip
   20fa8:	00020fec 	andeq	r0, r2, ip, ror #31
   20fac:	e51b3018 	ldr	r3, [fp, #-24]	; 0xffffffe8
   20fb0:	e3833010 	orr	r3, r3, #16
   20fb4:	e50b3018 	str	r3, [fp, #-24]	; 0xffffffe8
   20fb8:	eaffffe1 	b	20f44 <vsnprintf_internal+0x6c>
   20fbc:	e51b3018 	ldr	r3, [fp, #-24]	; 0xffffffe8
   20fc0:	e3833004 	orr	r3, r3, #4
   20fc4:	e50b3018 	str	r3, [fp, #-24]	; 0xffffffe8
   20fc8:	eaffffdd 	b	20f44 <vsnprintf_internal+0x6c>
   20fcc:	e51b3018 	ldr	r3, [fp, #-24]	; 0xffffffe8
   20fd0:	e3833008 	orr	r3, r3, #8
   20fd4:	e50b3018 	str	r3, [fp, #-24]	; 0xffffffe8
   20fd8:	eaffffd9 	b	20f44 <vsnprintf_internal+0x6c>
   20fdc:	e51b3018 	ldr	r3, [fp, #-24]	; 0xffffffe8
   20fe0:	e3833040 	orr	r3, r3, #64	; 0x40
   20fe4:	e50b3018 	str	r3, [fp, #-24]	; 0xffffffe8
   20fe8:	eaffffd5 	b	20f44 <vsnprintf_internal+0x6c>
   20fec:	e51b3018 	ldr	r3, [fp, #-24]	; 0xffffffe8
   20ff0:	e3833001 	orr	r3, r3, #1
   20ff4:	e50b3018 	str	r3, [fp, #-24]	; 0xffffffe8
   20ff8:	eaffffd1 	b	20f44 <vsnprintf_internal+0x6c>
   20ffc:	e3e03000 	mvn	r3, #0
   21000:	e50b301c 	str	r3, [fp, #-28]	; 0xffffffe4
   21004:	e51b3040 	ldr	r3, [fp, #-64]	; 0xffffffc0
   21008:	e5d33000 	ldrb	r3, [r3]
   2100c:	e353002f 	cmp	r3, #47	; 0x2f
   21010:	9a000008 	bls	21038 <vsnprintf_internal+0x160>
   21014:	e51b3040 	ldr	r3, [fp, #-64]	; 0xffffffc0
   21018:	e5d33000 	ldrb	r3, [r3]
   2101c:	e3530039 	cmp	r3, #57	; 0x39
   21020:	8a000004 	bhi	21038 <vsnprintf_internal+0x160>
   21024:	e24b3040 	sub	r3, fp, #64	; 0x40
   21028:	e1a00003 	mov	r0, r3
   2102c:	ebfffc77 	bl	20210 <skip_atoi>
   21030:	e50b001c 	str	r0, [fp, #-28]	; 0xffffffe4
   21034:	ea000014 	b	2108c <vsnprintf_internal+0x1b4>
   21038:	e51b3040 	ldr	r3, [fp, #-64]	; 0xffffffc0
   2103c:	e5d33000 	ldrb	r3, [r3]
   21040:	e353002a 	cmp	r3, #42	; 0x2a
   21044:	1a000010 	bne	2108c <vsnprintf_internal+0x1b4>
   21048:	e51b3040 	ldr	r3, [fp, #-64]	; 0xffffffc0
   2104c:	e2833001 	add	r3, r3, #1
   21050:	e50b3040 	str	r3, [fp, #-64]	; 0xffffffc0
   21054:	e51b3044 	ldr	r3, [fp, #-68]	; 0xffffffbc
   21058:	e2832004 	add	r2, r3, #4
   2105c:	e50b2044 	str	r2, [fp, #-68]	; 0xffffffbc
   21060:	e5933000 	ldr	r3, [r3]
   21064:	e50b301c 	str	r3, [fp, #-28]	; 0xffffffe4
   21068:	e51b301c 	ldr	r3, [fp, #-28]	; 0xffffffe4
   2106c:	e3530000 	cmp	r3, #0
   21070:	aa000005 	bge	2108c <vsnprintf_internal+0x1b4>
   21074:	e51b301c 	ldr	r3, [fp, #-28]	; 0xffffffe4
   21078:	e2633000 	rsb	r3, r3, #0
   2107c:	e50b301c 	str	r3, [fp, #-28]	; 0xffffffe4
   21080:	e51b3018 	ldr	r3, [fp, #-24]	; 0xffffffe8
   21084:	e3833010 	orr	r3, r3, #16
   21088:	e50b3018 	str	r3, [fp, #-24]	; 0xffffffe8
   2108c:	e3e03000 	mvn	r3, #0
   21090:	e50b3020 	str	r3, [fp, #-32]	; 0xffffffe0
   21094:	e51b3040 	ldr	r3, [fp, #-64]	; 0xffffffc0
   21098:	e5d33000 	ldrb	r3, [r3]
   2109c:	e353002e 	cmp	r3, #46	; 0x2e
   210a0:	1a000020 	bne	21128 <vsnprintf_internal+0x250>
   210a4:	e51b3040 	ldr	r3, [fp, #-64]	; 0xffffffc0
   210a8:	e2833001 	add	r3, r3, #1
   210ac:	e50b3040 	str	r3, [fp, #-64]	; 0xffffffc0
   210b0:	e51b3040 	ldr	r3, [fp, #-64]	; 0xffffffc0
   210b4:	e5d33000 	ldrb	r3, [r3]
   210b8:	e353002f 	cmp	r3, #47	; 0x2f
   210bc:	9a000008 	bls	210e4 <vsnprintf_internal+0x20c>
   210c0:	e51b3040 	ldr	r3, [fp, #-64]	; 0xffffffc0
   210c4:	e5d33000 	ldrb	r3, [r3]
   210c8:	e3530039 	cmp	r3, #57	; 0x39
   210cc:	8a000004 	bhi	210e4 <vsnprintf_internal+0x20c>
   210d0:	e24b3040 	sub	r3, fp, #64	; 0x40
   210d4:	e1a00003 	mov	r0, r3
   210d8:	ebfffc4c 	bl	20210 <skip_atoi>
   210dc:	e50b0020 	str	r0, [fp, #-32]	; 0xffffffe0
   210e0:	ea00000b 	b	21114 <vsnprintf_internal+0x23c>
   210e4:	e51b3040 	ldr	r3, [fp, #-64]	; 0xffffffc0
   210e8:	e5d33000 	ldrb	r3, [r3]
   210ec:	e353002a 	cmp	r3, #42	; 0x2a
   210f0:	1a000007 	bne	21114 <vsnprintf_internal+0x23c>
   210f4:	e51b3040 	ldr	r3, [fp, #-64]	; 0xffffffc0
   210f8:	e2833001 	add	r3, r3, #1
   210fc:	e50b3040 	str	r3, [fp, #-64]	; 0xffffffc0
   21100:	e51b3044 	ldr	r3, [fp, #-68]	; 0xffffffbc
   21104:	e2832004 	add	r2, r3, #4
   21108:	e50b2044 	str	r2, [fp, #-68]	; 0xffffffbc
   2110c:	e5933000 	ldr	r3, [r3]
   21110:	e50b3020 	str	r3, [fp, #-32]	; 0xffffffe0
   21114:	e51b3020 	ldr	r3, [fp, #-32]	; 0xffffffe0
   21118:	e3530000 	cmp	r3, #0
   2111c:	aa000001 	bge	21128 <vsnprintf_internal+0x250>
   21120:	e3a03000 	mov	r3, #0
   21124:	e50b3020 	str	r3, [fp, #-32]	; 0xffffffe0
   21128:	e3e03000 	mvn	r3, #0
   2112c:	e50b3024 	str	r3, [fp, #-36]	; 0xffffffdc
   21130:	e51b3040 	ldr	r3, [fp, #-64]	; 0xffffffc0
   21134:	e5d33000 	ldrb	r3, [r3]
   21138:	e3530068 	cmp	r3, #104	; 0x68
   2113c:	0a000013 	beq	21190 <vsnprintf_internal+0x2b8>
   21140:	e51b3040 	ldr	r3, [fp, #-64]	; 0xffffffc0
   21144:	e5d33000 	ldrb	r3, [r3]
   21148:	e353006c 	cmp	r3, #108	; 0x6c
   2114c:	0a00000f 	beq	21190 <vsnprintf_internal+0x2b8>
   21150:	e51b3040 	ldr	r3, [fp, #-64]	; 0xffffffc0
   21154:	e5d33000 	ldrb	r3, [r3]
   21158:	e353004c 	cmp	r3, #76	; 0x4c
   2115c:	0a00000b 	beq	21190 <vsnprintf_internal+0x2b8>
   21160:	e51b3040 	ldr	r3, [fp, #-64]	; 0xffffffc0
   21164:	e5d33000 	ldrb	r3, [r3]
   21168:	e353005a 	cmp	r3, #90	; 0x5a
   2116c:	0a000007 	beq	21190 <vsnprintf_internal+0x2b8>
   21170:	e51b3040 	ldr	r3, [fp, #-64]	; 0xffffffc0
   21174:	e5d33000 	ldrb	r3, [r3]
   21178:	e353007a 	cmp	r3, #122	; 0x7a
   2117c:	0a000003 	beq	21190 <vsnprintf_internal+0x2b8>
   21180:	e51b3040 	ldr	r3, [fp, #-64]	; 0xffffffc0
   21184:	e5d33000 	ldrb	r3, [r3]
   21188:	e3530074 	cmp	r3, #116	; 0x74
   2118c:	1a000011 	bne	211d8 <vsnprintf_internal+0x300>
   21190:	e51b3040 	ldr	r3, [fp, #-64]	; 0xffffffc0
   21194:	e5d33000 	ldrb	r3, [r3]
   21198:	e50b3024 	str	r3, [fp, #-36]	; 0xffffffdc
   2119c:	e51b3040 	ldr	r3, [fp, #-64]	; 0xffffffc0
   211a0:	e2833001 	add	r3, r3, #1
   211a4:	e50b3040 	str	r3, [fp, #-64]	; 0xffffffc0
   211a8:	e51b3024 	ldr	r3, [fp, #-36]	; 0xffffffdc
   211ac:	e353006c 	cmp	r3, #108	; 0x6c
   211b0:	1a000008 	bne	211d8 <vsnprintf_internal+0x300>
   211b4:	e51b3040 	ldr	r3, [fp, #-64]	; 0xffffffc0
   211b8:	e5d33000 	ldrb	r3, [r3]
   211bc:	e353006c 	cmp	r3, #108	; 0x6c
   211c0:	1a000004 	bne	211d8 <vsnprintf_internal+0x300>
   211c4:	e3a0304c 	mov	r3, #76	; 0x4c
   211c8:	e50b3024 	str	r3, [fp, #-36]	; 0xffffffdc
   211cc:	e51b3040 	ldr	r3, [fp, #-64]	; 0xffffffc0
   211d0:	e2833001 	add	r3, r3, #1
   211d4:	e50b3040 	str	r3, [fp, #-64]	; 0xffffffc0
   211d8:	e3a0300a 	mov	r3, #10
   211dc:	e50b3010 	str	r3, [fp, #-16]
   211e0:	e51b3040 	ldr	r3, [fp, #-64]	; 0xffffffc0
   211e4:	e5d33000 	ldrb	r3, [r3]
   211e8:	e2433025 	sub	r3, r3, #37	; 0x25
   211ec:	e3530053 	cmp	r3, #83	; 0x53
   211f0:	979ff103 	ldrls	pc, [pc, r3, lsl #2]
   211f4:	ea0000d4 	b	2154c <vsnprintf_internal+0x674>
   211f8:	00021500 	andeq	r1, r2, r0, lsl #10
   211fc:	0002154c 	andeq	r1, r2, ip, asr #10
   21200:	0002154c 	andeq	r1, r2, ip, asr #10
   21204:	0002154c 	andeq	r1, r2, ip, asr #10
   21208:	0002154c 	andeq	r1, r2, ip, asr #10
   2120c:	0002154c 	andeq	r1, r2, ip, asr #10
   21210:	0002154c 	andeq	r1, r2, ip, asr #10
   21214:	0002154c 	andeq	r1, r2, ip, asr #10
   21218:	0002154c 	andeq	r1, r2, ip, asr #10
   2121c:	0002154c 	andeq	r1, r2, ip, asr #10
   21220:	0002154c 	andeq	r1, r2, ip, asr #10
   21224:	0002154c 	andeq	r1, r2, ip, asr #10
   21228:	0002154c 	andeq	r1, r2, ip, asr #10
   2122c:	0002154c 	andeq	r1, r2, ip, asr #10
   21230:	0002154c 	andeq	r1, r2, ip, asr #10
   21234:	0002154c 	andeq	r1, r2, ip, asr #10
   21238:	0002154c 	andeq	r1, r2, ip, asr #10
   2123c:	0002154c 	andeq	r1, r2, ip, asr #10
   21240:	0002154c 	andeq	r1, r2, ip, asr #10
   21244:	0002154c 	andeq	r1, r2, ip, asr #10
   21248:	0002154c 	andeq	r1, r2, ip, asr #10
   2124c:	0002154c 	andeq	r1, r2, ip, asr #10
   21250:	0002154c 	andeq	r1, r2, ip, asr #10
   21254:	0002154c 	andeq	r1, r2, ip, asr #10
   21258:	0002154c 	andeq	r1, r2, ip, asr #10
   2125c:	0002154c 	andeq	r1, r2, ip, asr #10
   21260:	0002154c 	andeq	r1, r2, ip, asr #10
   21264:	0002154c 	andeq	r1, r2, ip, asr #10
   21268:	0002154c 	andeq	r1, r2, ip, asr #10
   2126c:	0002154c 	andeq	r1, r2, ip, asr #10
   21270:	0002154c 	andeq	r1, r2, ip, asr #10
   21274:	0002154c 	andeq	r1, r2, ip, asr #10
   21278:	0002154c 	andeq	r1, r2, ip, asr #10
   2127c:	0002154c 	andeq	r1, r2, ip, asr #10
   21280:	0002154c 	andeq	r1, r2, ip, asr #10
   21284:	0002154c 	andeq	r1, r2, ip, asr #10
   21288:	0002154c 	andeq	r1, r2, ip, asr #10
   2128c:	0002154c 	andeq	r1, r2, ip, asr #10
   21290:	0002154c 	andeq	r1, r2, ip, asr #10
   21294:	0002154c 	andeq	r1, r2, ip, asr #10
   21298:	0002154c 	andeq	r1, r2, ip, asr #10
   2129c:	0002154c 	andeq	r1, r2, ip, asr #10
   212a0:	0002154c 	andeq	r1, r2, ip, asr #10
   212a4:	0002154c 	andeq	r1, r2, ip, asr #10
   212a8:	0002154c 	andeq	r1, r2, ip, asr #10
   212ac:	0002154c 	andeq	r1, r2, ip, asr #10
   212b0:	0002154c 	andeq	r1, r2, ip, asr #10
   212b4:	0002154c 	andeq	r1, r2, ip, asr #10
   212b8:	0002154c 	andeq	r1, r2, ip, asr #10
   212bc:	0002154c 	andeq	r1, r2, ip, asr #10
   212c0:	0002154c 	andeq	r1, r2, ip, asr #10
   212c4:	00021530 	andeq	r1, r2, r0, lsr r5
   212c8:	0002154c 	andeq	r1, r2, ip, asr #10
   212cc:	0002154c 	andeq	r1, r2, ip, asr #10
   212d0:	0002154c 	andeq	r1, r2, ip, asr #10
   212d4:	0002154c 	andeq	r1, r2, ip, asr #10
   212d8:	0002154c 	andeq	r1, r2, ip, asr #10
   212dc:	0002154c 	andeq	r1, r2, ip, asr #10
   212e0:	0002154c 	andeq	r1, r2, ip, asr #10
   212e4:	0002154c 	andeq	r1, r2, ip, asr #10
   212e8:	0002154c 	andeq	r1, r2, ip, asr #10
   212ec:	0002154c 	andeq	r1, r2, ip, asr #10
   212f0:	00021348 	andeq	r1, r2, r8, asr #6
   212f4:	0002153c 	andeq	r1, r2, ip, lsr r5
   212f8:	0002154c 	andeq	r1, r2, ip, asr #10
   212fc:	0002154c 	andeq	r1, r2, ip, asr #10
   21300:	0002154c 	andeq	r1, r2, ip, asr #10
   21304:	0002154c 	andeq	r1, r2, ip, asr #10
   21308:	0002153c 	andeq	r1, r2, ip, lsr r5
   2130c:	0002154c 	andeq	r1, r2, ip, asr #10
   21310:	0002154c 	andeq	r1, r2, ip, asr #10
   21314:	0002154c 	andeq	r1, r2, ip, asr #10
   21318:	0002154c 	andeq	r1, r2, ip, asr #10
   2131c:	0002149c 	muleq	r2, ip, r4
   21320:	00021518 	andeq	r1, r2, r8, lsl r5
   21324:	00021418 	andeq	r1, r2, r8, lsl r4
   21328:	0002154c 	andeq	r1, r2, ip, asr #10
   2132c:	0002154c 	andeq	r1, r2, ip, asr #10
   21330:	000213e0 	andeq	r1, r2, r0, ror #7
   21334:	0002154c 	andeq	r1, r2, ip, asr #10
   21338:	0002159c 	muleq	r2, ip, r5
   2133c:	0002154c 	andeq	r1, r2, ip, asr #10
   21340:	0002154c 	andeq	r1, r2, ip, asr #10
   21344:	00021524 	andeq	r1, r2, r4, lsr #10
   21348:	e51b3018 	ldr	r3, [fp, #-24]	; 0xffffffe8
   2134c:	e2033010 	and	r3, r3, #16
   21350:	e3530000 	cmp	r3, #0
   21354:	1a00000b 	bne	21388 <vsnprintf_internal+0x4b0>
   21358:	ea000004 	b	21370 <vsnprintf_internal+0x498>
   2135c:	e51b3014 	ldr	r3, [fp, #-20]	; 0xffffffec
   21360:	e2832001 	add	r2, r3, #1
   21364:	e50b2014 	str	r2, [fp, #-20]	; 0xffffffec
   21368:	e3a02020 	mov	r2, #32
   2136c:	e5c32000 	strb	r2, [r3]
   21370:	e51b301c 	ldr	r3, [fp, #-28]	; 0xffffffe4
   21374:	e2433001 	sub	r3, r3, #1
   21378:	e50b301c 	str	r3, [fp, #-28]	; 0xffffffe4
   2137c:	e51b301c 	ldr	r3, [fp, #-28]	; 0xffffffe4
   21380:	e3530000 	cmp	r3, #0
   21384:	cafffff4 	bgt	2135c <vsnprintf_internal+0x484>
   21388:	e51b3014 	ldr	r3, [fp, #-20]	; 0xffffffec
   2138c:	e2832001 	add	r2, r3, #1
   21390:	e50b2014 	str	r2, [fp, #-20]	; 0xffffffec
   21394:	e51b2044 	ldr	r2, [fp, #-68]	; 0xffffffbc
   21398:	e2821004 	add	r1, r2, #4
   2139c:	e50b1044 	str	r1, [fp, #-68]	; 0xffffffbc
   213a0:	e5922000 	ldr	r2, [r2]
   213a4:	e6ef2072 	uxtb	r2, r2
   213a8:	e5c32000 	strb	r2, [r3]
   213ac:	ea000004 	b	213c4 <vsnprintf_internal+0x4ec>
   213b0:	e51b3014 	ldr	r3, [fp, #-20]	; 0xffffffec
   213b4:	e2832001 	add	r2, r3, #1
   213b8:	e50b2014 	str	r2, [fp, #-20]	; 0xffffffec
   213bc:	e3a02020 	mov	r2, #32
   213c0:	e5c32000 	strb	r2, [r3]
   213c4:	e51b301c 	ldr	r3, [fp, #-28]	; 0xffffffe4
   213c8:	e2433001 	sub	r3, r3, #1
   213cc:	e50b301c 	str	r3, [fp, #-28]	; 0xffffffe4
   213d0:	e51b301c 	ldr	r3, [fp, #-28]	; 0xffffffe4
   213d4:	e3530000 	cmp	r3, #0
   213d8:	cafffff4 	bgt	213b0 <vsnprintf_internal+0x4d8>
   213dc:	ea0000d6 	b	2173c <vsnprintf_internal+0x864>
   213e0:	e51b3044 	ldr	r3, [fp, #-68]	; 0xffffffbc
   213e4:	e2832004 	add	r2, r3, #4
   213e8:	e50b2044 	str	r2, [fp, #-68]	; 0xffffffbc
   213ec:	e5932000 	ldr	r2, [r3]
   213f0:	e51b3020 	ldr	r3, [fp, #-32]	; 0xffffffe0
   213f4:	e58d3000 	str	r3, [sp]
   213f8:	e51b3018 	ldr	r3, [fp, #-24]	; 0xffffffe8
   213fc:	e58d3004 	str	r3, [sp, #4]
   21400:	e51b0014 	ldr	r0, [fp, #-20]	; 0xffffffec
   21404:	e51b1028 	ldr	r1, [fp, #-40]	; 0xffffffd8
   21408:	e51b301c 	ldr	r3, [fp, #-28]	; 0xffffffe4
   2140c:	ebfffe31 	bl	20cd8 <string>
   21410:	e50b0014 	str	r0, [fp, #-20]	; 0xffffffec
   21414:	ea0000c8 	b	2173c <vsnprintf_internal+0x864>
   21418:	e51b3040 	ldr	r3, [fp, #-64]	; 0xffffffc0
   2141c:	e2831001 	add	r1, r3, #1
   21420:	e51b3044 	ldr	r3, [fp, #-68]	; 0xffffffbc
   21424:	e2832004 	add	r2, r3, #4
   21428:	e50b2044 	str	r2, [fp, #-68]	; 0xffffffbc
   2142c:	e593c000 	ldr	ip, [r3]
   21430:	e51b301c 	ldr	r3, [fp, #-28]	; 0xffffffe4
   21434:	e58d3000 	str	r3, [sp]
   21438:	e51b3020 	ldr	r3, [fp, #-32]	; 0xffffffe0
   2143c:	e58d3004 	str	r3, [sp, #4]
   21440:	e51b3018 	ldr	r3, [fp, #-24]	; 0xffffffe8
   21444:	e58d3008 	str	r3, [sp, #8]
   21448:	e1a00001 	mov	r0, r1
   2144c:	e51b1014 	ldr	r1, [fp, #-20]	; 0xffffffec
   21450:	e51b2028 	ldr	r2, [fp, #-40]	; 0xffffffd8
   21454:	e1a0300c 	mov	r3, ip
   21458:	ebfffe63 	bl	20dec <pointer>
   2145c:	e50b0014 	str	r0, [fp, #-20]	; 0xffffffec
   21460:	ea000002 	b	21470 <vsnprintf_internal+0x598>
   21464:	e51b3040 	ldr	r3, [fp, #-64]	; 0xffffffc0
   21468:	e2833001 	add	r3, r3, #1
   2146c:	e50b3040 	str	r3, [fp, #-64]	; 0xffffffc0
   21470:	e51b3040 	ldr	r3, [fp, #-64]	; 0xffffffc0
   21474:	e2833001 	add	r3, r3, #1
   21478:	e5d33000 	ldrb	r3, [r3]
   2147c:	e1a02003 	mov	r2, r3
   21480:	e302348c 	movw	r3, #9356	; 0x248c
   21484:	e3403002 	movt	r3, #2
   21488:	e7d33002 	ldrb	r3, [r3, r2]
   2148c:	e2033007 	and	r3, r3, #7
   21490:	e3530000 	cmp	r3, #0
   21494:	1afffff2 	bne	21464 <vsnprintf_internal+0x58c>
   21498:	ea0000a7 	b	2173c <vsnprintf_internal+0x864>
   2149c:	e51b3024 	ldr	r3, [fp, #-36]	; 0xffffffdc
   214a0:	e353006c 	cmp	r3, #108	; 0x6c
   214a4:	1a00000a 	bne	214d4 <vsnprintf_internal+0x5fc>
   214a8:	e51b3044 	ldr	r3, [fp, #-68]	; 0xffffffbc
   214ac:	e2832004 	add	r2, r3, #4
   214b0:	e50b2044 	str	r2, [fp, #-68]	; 0xffffffbc
   214b4:	e5933000 	ldr	r3, [r3]
   214b8:	e50b302c 	str	r3, [fp, #-44]	; 0xffffffd4
   214bc:	e51b2014 	ldr	r2, [fp, #-20]	; 0xffffffec
   214c0:	e51b3038 	ldr	r3, [fp, #-56]	; 0xffffffc8
   214c4:	e0632002 	rsb	r2, r3, r2
   214c8:	e51b302c 	ldr	r3, [fp, #-44]	; 0xffffffd4
   214cc:	e5832000 	str	r2, [r3]
   214d0:	ea000099 	b	2173c <vsnprintf_internal+0x864>
   214d4:	e51b3044 	ldr	r3, [fp, #-68]	; 0xffffffbc
   214d8:	e2832004 	add	r2, r3, #4
   214dc:	e50b2044 	str	r2, [fp, #-68]	; 0xffffffbc
   214e0:	e5933000 	ldr	r3, [r3]
   214e4:	e50b3030 	str	r3, [fp, #-48]	; 0xffffffd0
   214e8:	e51b2014 	ldr	r2, [fp, #-20]	; 0xffffffec
   214ec:	e51b3038 	ldr	r3, [fp, #-56]	; 0xffffffc8
   214f0:	e0632002 	rsb	r2, r3, r2
   214f4:	e51b3030 	ldr	r3, [fp, #-48]	; 0xffffffd0
   214f8:	e5832000 	str	r2, [r3]
   214fc:	ea00008e 	b	2173c <vsnprintf_internal+0x864>
   21500:	e51b3014 	ldr	r3, [fp, #-20]	; 0xffffffec
   21504:	e2832001 	add	r2, r3, #1
   21508:	e50b2014 	str	r2, [fp, #-20]	; 0xffffffec
   2150c:	e3a02025 	mov	r2, #37	; 0x25
   21510:	e5c32000 	strb	r2, [r3]
   21514:	ea000088 	b	2173c <vsnprintf_internal+0x864>
   21518:	e3a03008 	mov	r3, #8
   2151c:	e50b3010 	str	r3, [fp, #-16]
   21520:	ea00001e 	b	215a0 <vsnprintf_internal+0x6c8>
   21524:	e51b3018 	ldr	r3, [fp, #-24]	; 0xffffffe8
   21528:	e3833020 	orr	r3, r3, #32
   2152c:	e50b3018 	str	r3, [fp, #-24]	; 0xffffffe8
   21530:	e3a03010 	mov	r3, #16
   21534:	e50b3010 	str	r3, [fp, #-16]
   21538:	ea000018 	b	215a0 <vsnprintf_internal+0x6c8>
   2153c:	e51b3018 	ldr	r3, [fp, #-24]	; 0xffffffe8
   21540:	e3833002 	orr	r3, r3, #2
   21544:	e50b3018 	str	r3, [fp, #-24]	; 0xffffffe8
   21548:	ea000013 	b	2159c <vsnprintf_internal+0x6c4>
   2154c:	e51b3014 	ldr	r3, [fp, #-20]	; 0xffffffec
   21550:	e2832001 	add	r2, r3, #1
   21554:	e50b2014 	str	r2, [fp, #-20]	; 0xffffffec
   21558:	e3a02025 	mov	r2, #37	; 0x25
   2155c:	e5c32000 	strb	r2, [r3]
   21560:	e51b3040 	ldr	r3, [fp, #-64]	; 0xffffffc0
   21564:	e5d33000 	ldrb	r3, [r3]
   21568:	e3530000 	cmp	r3, #0
   2156c:	0a000006 	beq	2158c <vsnprintf_internal+0x6b4>
   21570:	e51b3014 	ldr	r3, [fp, #-20]	; 0xffffffec
   21574:	e2832001 	add	r2, r3, #1
   21578:	e50b2014 	str	r2, [fp, #-20]	; 0xffffffec
   2157c:	e51b2040 	ldr	r2, [fp, #-64]	; 0xffffffc0
   21580:	e5d22000 	ldrb	r2, [r2]
   21584:	e5c32000 	strb	r2, [r3]
   21588:	ea00006b 	b	2173c <vsnprintf_internal+0x864>
   2158c:	e51b3040 	ldr	r3, [fp, #-64]	; 0xffffffc0
   21590:	e2433001 	sub	r3, r3, #1
   21594:	e50b3040 	str	r3, [fp, #-64]	; 0xffffffc0
   21598:	ea000067 	b	2173c <vsnprintf_internal+0x864>
   2159c:	e1a00000 	nop			; (mov r0, r0)
   215a0:	e51b3024 	ldr	r3, [fp, #-36]	; 0xffffffdc
   215a4:	e353004c 	cmp	r3, #76	; 0x4c
   215a8:	1a000007 	bne	215cc <vsnprintf_internal+0x6f4>
   215ac:	e51b3044 	ldr	r3, [fp, #-68]	; 0xffffffbc
   215b0:	e2833007 	add	r3, r3, #7
   215b4:	e3c33007 	bic	r3, r3, #7
   215b8:	e2832008 	add	r2, r3, #8
   215bc:	e50b2044 	str	r2, [fp, #-68]	; 0xffffffbc
   215c0:	e1c320d0 	ldrd	r2, [r3]
   215c4:	e14b20fc 	strd	r2, [fp, #-12]
   215c8:	ea00004e 	b	21708 <vsnprintf_internal+0x830>
   215cc:	e51b3024 	ldr	r3, [fp, #-36]	; 0xffffffdc
   215d0:	e353006c 	cmp	r3, #108	; 0x6c
   215d4:	1a00000f 	bne	21618 <vsnprintf_internal+0x740>
   215d8:	e51b3044 	ldr	r3, [fp, #-68]	; 0xffffffbc
   215dc:	e2832004 	add	r2, r3, #4
   215e0:	e50b2044 	str	r2, [fp, #-68]	; 0xffffffbc
   215e4:	e5933000 	ldr	r3, [r3]
   215e8:	e1a02003 	mov	r2, r3
   215ec:	e3a03000 	mov	r3, #0
   215f0:	e14b20fc 	strd	r2, [fp, #-12]
   215f4:	e51b3018 	ldr	r3, [fp, #-24]	; 0xffffffe8
   215f8:	e2033002 	and	r3, r3, #2
   215fc:	e3530000 	cmp	r3, #0
   21600:	0a000040 	beq	21708 <vsnprintf_internal+0x830>
   21604:	e51b300c 	ldr	r3, [fp, #-12]
   21608:	e1a02003 	mov	r2, r3
   2160c:	e1a03fc2 	asr	r3, r2, #31
   21610:	e14b20fc 	strd	r2, [fp, #-12]
   21614:	ea00003b 	b	21708 <vsnprintf_internal+0x830>
   21618:	e51b3024 	ldr	r3, [fp, #-36]	; 0xffffffdc
   2161c:	e353005a 	cmp	r3, #90	; 0x5a
   21620:	0a000002 	beq	21630 <vsnprintf_internal+0x758>
   21624:	e51b3024 	ldr	r3, [fp, #-36]	; 0xffffffdc
   21628:	e353007a 	cmp	r3, #122	; 0x7a
   2162c:	1a000007 	bne	21650 <vsnprintf_internal+0x778>
   21630:	e51b3044 	ldr	r3, [fp, #-68]	; 0xffffffbc
   21634:	e2832004 	add	r2, r3, #4
   21638:	e50b2044 	str	r2, [fp, #-68]	; 0xffffffbc
   2163c:	e5933000 	ldr	r3, [r3]
   21640:	e1a02003 	mov	r2, r3
   21644:	e3a03000 	mov	r3, #0
   21648:	e14b20fc 	strd	r2, [fp, #-12]
   2164c:	ea00002d 	b	21708 <vsnprintf_internal+0x830>
   21650:	e51b3024 	ldr	r3, [fp, #-36]	; 0xffffffdc
   21654:	e3530074 	cmp	r3, #116	; 0x74
   21658:	1a000007 	bne	2167c <vsnprintf_internal+0x7a4>
   2165c:	e51b3044 	ldr	r3, [fp, #-68]	; 0xffffffbc
   21660:	e2832004 	add	r2, r3, #4
   21664:	e50b2044 	str	r2, [fp, #-68]	; 0xffffffbc
   21668:	e5933000 	ldr	r3, [r3]
   2166c:	e1a02003 	mov	r2, r3
   21670:	e3a03000 	mov	r3, #0
   21674:	e14b20fc 	strd	r2, [fp, #-12]
   21678:	ea000022 	b	21708 <vsnprintf_internal+0x830>
   2167c:	e51b3024 	ldr	r3, [fp, #-36]	; 0xffffffdc
   21680:	e3530068 	cmp	r3, #104	; 0x68
   21684:	1a000010 	bne	216cc <vsnprintf_internal+0x7f4>
   21688:	e51b3044 	ldr	r3, [fp, #-68]	; 0xffffffbc
   2168c:	e2832004 	add	r2, r3, #4
   21690:	e50b2044 	str	r2, [fp, #-68]	; 0xffffffbc
   21694:	e5933000 	ldr	r3, [r3]
   21698:	e6ff3073 	uxth	r3, r3
   2169c:	e6ff2073 	uxth	r2, r3
   216a0:	e3a03000 	mov	r3, #0
   216a4:	e14b20fc 	strd	r2, [fp, #-12]
   216a8:	e51b3018 	ldr	r3, [fp, #-24]	; 0xffffffe8
   216ac:	e2033002 	and	r3, r3, #2
   216b0:	e3530000 	cmp	r3, #0
   216b4:	0a000013 	beq	21708 <vsnprintf_internal+0x830>
   216b8:	e15b30bc 	ldrh	r3, [fp, #-12]
   216bc:	e6bf2073 	sxth	r2, r3
   216c0:	e1a03fc2 	asr	r3, r2, #31
   216c4:	e14b20fc 	strd	r2, [fp, #-12]
   216c8:	ea00000e 	b	21708 <vsnprintf_internal+0x830>
   216cc:	e51b3044 	ldr	r3, [fp, #-68]	; 0xffffffbc
   216d0:	e2832004 	add	r2, r3, #4
   216d4:	e50b2044 	str	r2, [fp, #-68]	; 0xffffffbc
   216d8:	e5933000 	ldr	r3, [r3]
   216dc:	e1a02003 	mov	r2, r3
   216e0:	e3a03000 	mov	r3, #0
   216e4:	e14b20fc 	strd	r2, [fp, #-12]
   216e8:	e51b3018 	ldr	r3, [fp, #-24]	; 0xffffffe8
   216ec:	e2033002 	and	r3, r3, #2
   216f0:	e3530000 	cmp	r3, #0
   216f4:	0a000003 	beq	21708 <vsnprintf_internal+0x830>
   216f8:	e51b300c 	ldr	r3, [fp, #-12]
   216fc:	e1a02003 	mov	r2, r3
   21700:	e1a03fc2 	asr	r3, r2, #31
   21704:	e14b20fc 	strd	r2, [fp, #-12]
   21708:	e51b3010 	ldr	r3, [fp, #-16]
   2170c:	e58d3000 	str	r3, [sp]
   21710:	e51b301c 	ldr	r3, [fp, #-28]	; 0xffffffe4
   21714:	e58d3004 	str	r3, [sp, #4]
   21718:	e51b3020 	ldr	r3, [fp, #-32]	; 0xffffffe0
   2171c:	e58d3008 	str	r3, [sp, #8]
   21720:	e51b3018 	ldr	r3, [fp, #-24]	; 0xffffffe8
   21724:	e58d300c 	str	r3, [sp, #12]
   21728:	e51b0014 	ldr	r0, [fp, #-20]	; 0xffffffec
   2172c:	e51b1028 	ldr	r1, [fp, #-40]	; 0xffffffd8
   21730:	e14b20dc 	ldrd	r2, [fp, #-12]
   21734:	ebfffc5e 	bl	208b4 <number>
   21738:	e50b0014 	str	r0, [fp, #-20]	; 0xffffffec
   2173c:	e51b3040 	ldr	r3, [fp, #-64]	; 0xffffffc0
   21740:	e2833001 	add	r3, r3, #1
   21744:	e50b3040 	str	r3, [fp, #-64]	; 0xffffffc0
   21748:	e51b3040 	ldr	r3, [fp, #-64]	; 0xffffffc0
   2174c:	e5d33000 	ldrb	r3, [r3]
   21750:	e3530000 	cmp	r3, #0
   21754:	1afffded 	bne	20f10 <vsnprintf_internal+0x38>
   21758:	e51b3014 	ldr	r3, [fp, #-20]	; 0xffffffec
   2175c:	e3a02000 	mov	r2, #0
   21760:	e5c32000 	strb	r2, [r3]
   21764:	e51b2014 	ldr	r2, [fp, #-20]	; 0xffffffec
   21768:	e51b3038 	ldr	r3, [fp, #-56]	; 0xffffffc8
   2176c:	e0633002 	rsb	r3, r3, r2
   21770:	e1a00003 	mov	r0, r3
   21774:	e24bd004 	sub	sp, fp, #4
   21778:	e8bd8800 	pop	{fp, pc}

0002177c <vsprintf>:
   2177c:	e92d4800 	push	{fp, lr}
   21780:	e28db004 	add	fp, sp, #4
   21784:	e24dd010 	sub	sp, sp, #16
   21788:	e50b0008 	str	r0, [fp, #-8]
   2178c:	e50b100c 	str	r1, [fp, #-12]
   21790:	e50b2010 	str	r2, [fp, #-16]
   21794:	e51b0008 	ldr	r0, [fp, #-8]
   21798:	e3e01102 	mvn	r1, #-2147483648	; 0x80000000
   2179c:	e51b200c 	ldr	r2, [fp, #-12]
   217a0:	e51b3010 	ldr	r3, [fp, #-16]
   217a4:	ebfffdcb 	bl	20ed8 <vsnprintf_internal>
   217a8:	e1a03000 	mov	r3, r0
   217ac:	e1a00003 	mov	r0, r3
   217b0:	e24bd004 	sub	sp, fp, #4
   217b4:	e8bd8800 	pop	{fp, pc}

000217b8 <sprintf>:
   217b8:	e92d000e 	push	{r1, r2, r3}
   217bc:	e92d4800 	push	{fp, lr}
   217c0:	e28db004 	add	fp, sp, #4
   217c4:	e24dd014 	sub	sp, sp, #20
   217c8:	e50b0014 	str	r0, [fp, #-20]	; 0xffffffec
   217cc:	e28b3008 	add	r3, fp, #8
   217d0:	e50b3010 	str	r3, [fp, #-16]
   217d4:	e51b0014 	ldr	r0, [fp, #-20]	; 0xffffffec
   217d8:	e59b1004 	ldr	r1, [fp, #4]
   217dc:	e51b2010 	ldr	r2, [fp, #-16]
   217e0:	ebffffe5 	bl	2177c <vsprintf>
   217e4:	e50b000c 	str	r0, [fp, #-12]
   217e8:	e51b300c 	ldr	r3, [fp, #-12]
   217ec:	e1a00003 	mov	r0, r3
   217f0:	e24bd004 	sub	sp, fp, #4
   217f4:	e8bd4800 	pop	{fp, lr}
   217f8:	e28dd00c 	add	sp, sp, #12
   217fc:	e12fff1e 	bx	lr

00021800 <printf>:
   21800:	e92d000f 	push	{r0, r1, r2, r3}
   21804:	e92d4800 	push	{fp, lr}
   21808:	e28db004 	add	fp, sp, #4
   2180c:	e24ddf42 	sub	sp, sp, #264	; 0x108
   21810:	e28b3008 	add	r3, fp, #8
   21814:	e50b300c 	str	r3, [fp, #-12]
   21818:	e24b3f43 	sub	r3, fp, #268	; 0x10c
   2181c:	e1a00003 	mov	r0, r3
   21820:	e3a01c01 	mov	r1, #256	; 0x100
   21824:	e59b2004 	ldr	r2, [fp, #4]
   21828:	e51b300c 	ldr	r3, [fp, #-12]
   2182c:	eb0000ed 	bl	21be8 <vscnprintf>
   21830:	e1a03000 	mov	r3, r0
   21834:	e50b3008 	str	r3, [fp, #-8]
   21838:	e24b3f43 	sub	r3, fp, #268	; 0x10c
   2183c:	e1a00003 	mov	r0, r3
   21840:	eb000264 	bl	221d8 <uart_puts>
   21844:	e51b3008 	ldr	r3, [fp, #-8]
   21848:	e1a00003 	mov	r0, r3
   2184c:	e24bd004 	sub	sp, fp, #4
   21850:	e8bd4800 	pop	{fp, lr}
   21854:	e28dd010 	add	sp, sp, #16
   21858:	e12fff1e 	bx	lr

0002185c <timer_printf>:
   2185c:	e92d000f 	push	{r0, r1, r2, r3}
   21860:	e92d4800 	push	{fp, lr}
   21864:	e28db004 	add	fp, sp, #4
   21868:	e24ddf82 	sub	sp, sp, #520	; 0x208
   2186c:	e3a03000 	mov	r3, #0
   21870:	e50b3008 	str	r3, [fp, #-8]
   21874:	e3a03000 	mov	r3, #0
   21878:	e50b300c 	str	r3, [fp, #-12]
   2187c:	e28b3008 	add	r3, fp, #8
   21880:	e50b3010 	str	r3, [fp, #-16]
   21884:	e3a00000 	mov	r0, #0
   21888:	eb000169 	bl	21e34 <get_timer>
   2188c:	e50b000c 	str	r0, [fp, #-12]
   21890:	e24b3f41 	sub	r3, fp, #260	; 0x104
   21894:	e1a00003 	mov	r0, r3
   21898:	e59b1004 	ldr	r1, [fp, #4]
   2189c:	e51b2010 	ldr	r2, [fp, #-16]
   218a0:	ebffffb5 	bl	2177c <vsprintf>
   218a4:	e51b200c 	ldr	r2, [fp, #-12]
   218a8:	e3043dd3 	movw	r3, #19923	; 0x4dd3
   218ac:	e3413062 	movt	r3, #4194	; 0x1062
   218b0:	e0832392 	umull	r2, r3, r2, r3
   218b4:	e1a0e323 	lsr	lr, r3, #6
   218b8:	e51b100c 	ldr	r1, [fp, #-12]
   218bc:	e3043dd3 	movw	r3, #19923	; 0x4dd3
   218c0:	e3413062 	movt	r3, #4194	; 0x1062
   218c4:	e0832391 	umull	r2, r3, r1, r3
   218c8:	e1a0c323 	lsr	ip, r3, #6
   218cc:	e1a0200c 	mov	r2, ip
   218d0:	e1a03102 	lsl	r3, r2, #2
   218d4:	e1a02003 	mov	r2, r3
   218d8:	e1a03282 	lsl	r3, r2, #5
   218dc:	e0623003 	rsb	r3, r2, r3
   218e0:	e083300c 	add	r3, r3, ip
   218e4:	e1a03183 	lsl	r3, r3, #3
   218e8:	e063c001 	rsb	ip, r3, r1
   218ec:	e24b2f81 	sub	r2, fp, #516	; 0x204
   218f0:	e24b3f41 	sub	r3, fp, #260	; 0x104
   218f4:	e58d3000 	str	r3, [sp]
   218f8:	e1a00002 	mov	r0, r2
   218fc:	e3021594 	movw	r1, #9620	; 0x2594
   21900:	e3401002 	movt	r1, #2
   21904:	e1a0200e 	mov	r2, lr
   21908:	e1a0300c 	mov	r3, ip
   2190c:	ebffffa9 	bl	217b8 <sprintf>
   21910:	e1a03000 	mov	r3, r0
   21914:	e50b3008 	str	r3, [fp, #-8]
   21918:	e24b3f81 	sub	r3, fp, #516	; 0x204
   2191c:	e1a00003 	mov	r0, r3
   21920:	eb00022c 	bl	221d8 <uart_puts>
   21924:	e51b3008 	ldr	r3, [fp, #-8]
   21928:	e1a00003 	mov	r0, r3
   2192c:	e24bd004 	sub	sp, fp, #4
   21930:	e8bd4800 	pop	{fp, lr}
   21934:	e28dd010 	add	sp, sp, #16
   21938:	e12fff1e 	bx	lr

0002193c <gtimer_printf>:
   2193c:	e92d000f 	push	{r0, r1, r2, r3}
   21940:	e92d4800 	push	{fp, lr}
   21944:	e28db004 	add	fp, sp, #4
   21948:	e24ddf82 	sub	sp, sp, #520	; 0x208
   2194c:	e3a03000 	mov	r3, #0
   21950:	e50b3008 	str	r3, [fp, #-8]
   21954:	e3a03000 	mov	r3, #0
   21958:	e50b300c 	str	r3, [fp, #-12]
   2195c:	e28b3008 	add	r3, fp, #8
   21960:	e50b3010 	str	r3, [fp, #-16]
   21964:	e3a00000 	mov	r0, #0
   21968:	eb0001c6 	bl	22088 <gget_timer>
   2196c:	e1a02000 	mov	r2, r0
   21970:	e1a03001 	mov	r3, r1
   21974:	e1a03002 	mov	r3, r2
   21978:	e50b300c 	str	r3, [fp, #-12]
   2197c:	e24b3f41 	sub	r3, fp, #260	; 0x104
   21980:	e1a00003 	mov	r0, r3
   21984:	e59b1004 	ldr	r1, [fp, #4]
   21988:	e51b2010 	ldr	r2, [fp, #-16]
   2198c:	ebffff7a 	bl	2177c <vsprintf>
   21990:	e51b200c 	ldr	r2, [fp, #-12]
   21994:	e3043dd3 	movw	r3, #19923	; 0x4dd3
   21998:	e3413062 	movt	r3, #4194	; 0x1062
   2199c:	e0832392 	umull	r2, r3, r2, r3
   219a0:	e1a0e323 	lsr	lr, r3, #6
   219a4:	e51b100c 	ldr	r1, [fp, #-12]
   219a8:	e3043dd3 	movw	r3, #19923	; 0x4dd3
   219ac:	e3413062 	movt	r3, #4194	; 0x1062
   219b0:	e0832391 	umull	r2, r3, r1, r3
   219b4:	e1a0c323 	lsr	ip, r3, #6
   219b8:	e1a0200c 	mov	r2, ip
   219bc:	e1a03102 	lsl	r3, r2, #2
   219c0:	e1a02003 	mov	r2, r3
   219c4:	e1a03282 	lsl	r3, r2, #5
   219c8:	e0623003 	rsb	r3, r2, r3
   219cc:	e083300c 	add	r3, r3, ip
   219d0:	e1a03183 	lsl	r3, r3, #3
   219d4:	e063c001 	rsb	ip, r3, r1
   219d8:	e24b2f81 	sub	r2, fp, #516	; 0x204
   219dc:	e24b3f41 	sub	r3, fp, #260	; 0x104
   219e0:	e58d3000 	str	r3, [sp]
   219e4:	e1a00002 	mov	r0, r2
   219e8:	e3021594 	movw	r1, #9620	; 0x2594
   219ec:	e3401002 	movt	r1, #2
   219f0:	e1a0200e 	mov	r2, lr
   219f4:	e1a0300c 	mov	r3, ip
   219f8:	ebffff6e 	bl	217b8 <sprintf>
   219fc:	e1a03000 	mov	r3, r0
   21a00:	e50b3008 	str	r3, [fp, #-8]
   21a04:	e24b3f81 	sub	r3, fp, #516	; 0x204
   21a08:	e1a00003 	mov	r0, r3
   21a0c:	eb0001f1 	bl	221d8 <uart_puts>
   21a10:	e51b3008 	ldr	r3, [fp, #-8]
   21a14:	e1a00003 	mov	r0, r3
   21a18:	e24bd004 	sub	sp, fp, #4
   21a1c:	e8bd4800 	pop	{fp, lr}
   21a20:	e28dd010 	add	sp, sp, #16
   21a24:	e12fff1e 	bx	lr

00021a28 <__div64_32>:
   21a28:	e92d4830 	push	{r4, r5, fp, lr}
   21a2c:	e28db00c 	add	fp, sp, #12
   21a30:	e24dd030 	sub	sp, sp, #48	; 0x30
   21a34:	e50b0038 	str	r0, [fp, #-56]	; 0xffffffc8
   21a38:	e50b103c 	str	r1, [fp, #-60]	; 0xffffffc4
   21a3c:	e51b3038 	ldr	r3, [fp, #-56]	; 0xffffffc8
   21a40:	e1c320d0 	ldrd	r2, [r3]
   21a44:	e14b21f4 	strd	r2, [fp, #-20]	; 0xffffffec
   21a48:	e51b303c 	ldr	r3, [fp, #-60]	; 0xffffffc4
   21a4c:	e1a02003 	mov	r2, r3
   21a50:	e3a03000 	mov	r3, #0
   21a54:	e14b21fc 	strd	r2, [fp, #-28]	; 0xffffffe4
   21a58:	e3a02001 	mov	r2, #1
   21a5c:	e3a03000 	mov	r3, #0
   21a60:	e14b22fc 	strd	r2, [fp, #-44]	; 0xffffffd4
   21a64:	e14b21d4 	ldrd	r2, [fp, #-20]	; 0xffffffec
   21a68:	e1a04003 	mov	r4, r3
   21a6c:	e3a05000 	mov	r5, #0
   21a70:	e1a03004 	mov	r3, r4
   21a74:	e50b3030 	str	r3, [fp, #-48]	; 0xffffffd0
   21a78:	e3a02000 	mov	r2, #0
   21a7c:	e3a03000 	mov	r3, #0
   21a80:	e14b22f4 	strd	r2, [fp, #-36]	; 0xffffffdc
   21a84:	e51b2030 	ldr	r2, [fp, #-48]	; 0xffffffd0
   21a88:	e51b303c 	ldr	r3, [fp, #-60]	; 0xffffffc4
   21a8c:	e1520003 	cmp	r2, r3
   21a90:	3a00000f 	bcc	21ad4 <__div64_32+0xac>
   21a94:	e51b0030 	ldr	r0, [fp, #-48]	; 0xffffffd0
   21a98:	e51b103c 	ldr	r1, [fp, #-60]	; 0xffffffc4
   21a9c:	eb0001f3 	bl	22270 <__aeabi_uidiv>
   21aa0:	e1a03000 	mov	r3, r0
   21aa4:	e50b3030 	str	r3, [fp, #-48]	; 0xffffffd0
   21aa8:	e3a03000 	mov	r3, #0
   21aac:	e1a02003 	mov	r2, r3
   21ab0:	e3a03000 	mov	r3, #0
   21ab4:	e14b22f4 	strd	r2, [fp, #-36]	; 0xffffffdc
   21ab8:	e3a03000 	mov	r3, #0
   21abc:	e1a02003 	mov	r2, r3
   21ac0:	e3a03000 	mov	r3, #0
   21ac4:	e14b01d4 	ldrd	r0, [fp, #-20]	; 0xffffffec
   21ac8:	e0502002 	subs	r2, r0, r2
   21acc:	e0c13003 	sbc	r3, r1, r3
   21ad0:	e14b21f4 	strd	r2, [fp, #-20]	; 0xffffffec
   21ad4:	ea000009 	b	21b00 <__div64_32+0xd8>
   21ad8:	e14b01dc 	ldrd	r0, [fp, #-28]	; 0xffffffe4
   21adc:	e14b21dc 	ldrd	r2, [fp, #-28]	; 0xffffffe4
   21ae0:	e0922000 	adds	r2, r2, r0
   21ae4:	e0a33001 	adc	r3, r3, r1
   21ae8:	e14b21fc 	strd	r2, [fp, #-28]	; 0xffffffe4
   21aec:	e14b02dc 	ldrd	r0, [fp, #-44]	; 0xffffffd4
   21af0:	e14b22dc 	ldrd	r2, [fp, #-44]	; 0xffffffd4
   21af4:	e0922000 	adds	r2, r2, r0
   21af8:	e0a33001 	adc	r3, r3, r1
   21afc:	e14b22fc 	strd	r2, [fp, #-44]	; 0xffffffd4
   21b00:	e14b21dc 	ldrd	r2, [fp, #-28]	; 0xffffffe4
   21b04:	e3520001 	cmp	r2, #1
   21b08:	e2d33000 	sbcs	r3, r3, #0
   21b0c:	ba000004 	blt	21b24 <__div64_32+0xfc>
   21b10:	e14b01dc 	ldrd	r0, [fp, #-28]	; 0xffffffe4
   21b14:	e14b21d4 	ldrd	r2, [fp, #-20]	; 0xffffffec
   21b18:	e1510003 	cmp	r1, r3
   21b1c:	01500002 	cmpeq	r0, r2
   21b20:	3affffec 	bcc	21ad8 <__div64_32+0xb0>
   21b24:	e14b01d4 	ldrd	r0, [fp, #-20]	; 0xffffffec
   21b28:	e14b21dc 	ldrd	r2, [fp, #-28]	; 0xffffffe4
   21b2c:	e1510003 	cmp	r1, r3
   21b30:	01500002 	cmpeq	r0, r2
   21b34:	3a000009 	bcc	21b60 <__div64_32+0x138>
   21b38:	e14b01d4 	ldrd	r0, [fp, #-20]	; 0xffffffec
   21b3c:	e14b21dc 	ldrd	r2, [fp, #-28]	; 0xffffffe4
   21b40:	e0502002 	subs	r2, r0, r2
   21b44:	e0c13003 	sbc	r3, r1, r3
   21b48:	e14b21f4 	strd	r2, [fp, #-20]	; 0xffffffec
   21b4c:	e14b02d4 	ldrd	r0, [fp, #-36]	; 0xffffffdc
   21b50:	e14b22dc 	ldrd	r2, [fp, #-44]	; 0xffffffd4
   21b54:	e0922000 	adds	r2, r2, r0
   21b58:	e0a33001 	adc	r3, r3, r1
   21b5c:	e14b22f4 	strd	r2, [fp, #-36]	; 0xffffffdc
   21b60:	e14b21dc 	ldrd	r2, [fp, #-28]	; 0xffffffe4
   21b64:	e1b030a3 	lsrs	r3, r3, #1
   21b68:	e1a02062 	rrx	r2, r2
   21b6c:	e14b21fc 	strd	r2, [fp, #-28]	; 0xffffffe4
   21b70:	e14b22dc 	ldrd	r2, [fp, #-44]	; 0xffffffd4
   21b74:	e1b030a3 	lsrs	r3, r3, #1
   21b78:	e1a02062 	rrx	r2, r2
   21b7c:	e14b22fc 	strd	r2, [fp, #-44]	; 0xffffffd4
   21b80:	e14b22dc 	ldrd	r2, [fp, #-44]	; 0xffffffd4
   21b84:	e1923003 	orrs	r3, r2, r3
   21b88:	1affffe5 	bne	21b24 <__div64_32+0xfc>
   21b8c:	e51b1038 	ldr	r1, [fp, #-56]	; 0xffffffc8
   21b90:	e14b22d4 	ldrd	r2, [fp, #-36]	; 0xffffffdc
   21b94:	e1c120f0 	strd	r2, [r1]
   21b98:	e51b3014 	ldr	r3, [fp, #-20]	; 0xffffffec
   21b9c:	e1a00003 	mov	r0, r3
   21ba0:	e24bd00c 	sub	sp, fp, #12
   21ba4:	e8bd8830 	pop	{r4, r5, fp, pc}

00021ba8 <vsnprintf>:
   21ba8:	e92d4800 	push	{fp, lr}
   21bac:	e28db004 	add	fp, sp, #4
   21bb0:	e24dd010 	sub	sp, sp, #16
   21bb4:	e50b0008 	str	r0, [fp, #-8]
   21bb8:	e50b100c 	str	r1, [fp, #-12]
   21bbc:	e50b2010 	str	r2, [fp, #-16]
   21bc0:	e50b3014 	str	r3, [fp, #-20]	; 0xffffffec
   21bc4:	e51b0008 	ldr	r0, [fp, #-8]
   21bc8:	e51b100c 	ldr	r1, [fp, #-12]
   21bcc:	e51b2010 	ldr	r2, [fp, #-16]
   21bd0:	e51b3014 	ldr	r3, [fp, #-20]	; 0xffffffec
   21bd4:	ebfffcbf 	bl	20ed8 <vsnprintf_internal>
   21bd8:	e1a03000 	mov	r3, r0
   21bdc:	e1a00003 	mov	r0, r3
   21be0:	e24bd004 	sub	sp, fp, #4
   21be4:	e8bd8800 	pop	{fp, pc}

00021be8 <vscnprintf>:
   21be8:	e92d4800 	push	{fp, lr}
   21bec:	e28db004 	add	fp, sp, #4
   21bf0:	e24dd018 	sub	sp, sp, #24
   21bf4:	e50b0010 	str	r0, [fp, #-16]
   21bf8:	e50b1014 	str	r1, [fp, #-20]	; 0xffffffec
   21bfc:	e50b2018 	str	r2, [fp, #-24]	; 0xffffffe8
   21c00:	e50b301c 	str	r3, [fp, #-28]	; 0xffffffe4
   21c04:	e51b0010 	ldr	r0, [fp, #-16]
   21c08:	e51b1014 	ldr	r1, [fp, #-20]	; 0xffffffec
   21c0c:	e51b2018 	ldr	r2, [fp, #-24]	; 0xffffffe8
   21c10:	e51b301c 	ldr	r3, [fp, #-28]	; 0xffffffe4
   21c14:	ebffffe3 	bl	21ba8 <vsnprintf>
   21c18:	e50b0008 	str	r0, [fp, #-8]
   21c1c:	e51b2008 	ldr	r2, [fp, #-8]
   21c20:	e51b3014 	ldr	r3, [fp, #-20]	; 0xffffffec
   21c24:	e1520003 	cmp	r2, r3
   21c28:	2a000001 	bcs	21c34 <vscnprintf+0x4c>
   21c2c:	e51b3008 	ldr	r3, [fp, #-8]
   21c30:	ea000006 	b	21c50 <vscnprintf+0x68>
   21c34:	e51b3014 	ldr	r3, [fp, #-20]	; 0xffffffec
   21c38:	e3530000 	cmp	r3, #0
   21c3c:	0a000002 	beq	21c4c <vscnprintf+0x64>
   21c40:	e51b3014 	ldr	r3, [fp, #-20]	; 0xffffffec
   21c44:	e2433001 	sub	r3, r3, #1
   21c48:	ea000000 	b	21c50 <vscnprintf+0x68>
   21c4c:	e3a03000 	mov	r3, #0
   21c50:	e1a00003 	mov	r0, r3
   21c54:	e24bd004 	sub	sp, fp, #4
   21c58:	e8bd8800 	pop	{fp, pc}

00021c5c <raise>:
   21c5c:	e92d4800 	push	{fp, lr}
   21c60:	e28db004 	add	fp, sp, #4
   21c64:	e24dd008 	sub	sp, sp, #8
   21c68:	e50b0008 	str	r0, [fp, #-8]
   21c6c:	e30205a4 	movw	r0, #9636	; 0x25a4
   21c70:	e3400002 	movt	r0, #2
   21c74:	e51b1008 	ldr	r1, [fp, #-8]
   21c78:	ebfffee0 	bl	21800 <printf>
   21c7c:	e3a03000 	mov	r3, #0
   21c80:	e1a00003 	mov	r0, r3
   21c84:	e24bd004 	sub	sp, fp, #4
   21c88:	e8bd8800 	pop	{fp, pc}

00021c8c <timer_read_counter>:
   21c8c:	e52db004 	push	{fp}		; (str fp, [sp, #-4]!)
   21c90:	e28db000 	add	fp, sp, #0
   21c94:	e3003604 	movw	r3, #1540	; 0x604
   21c98:	e34f38f0 	movt	r3, #63728	; 0xf8f0
   21c9c:	e5933000 	ldr	r3, [r3]
   21ca0:	e1e03003 	mvn	r3, r3
   21ca4:	e1a00003 	mov	r0, r3
   21ca8:	e24bd000 	sub	sp, fp, #0
   21cac:	e49db004 	pop	{fp}		; (ldr fp, [sp], #4)
   21cb0:	e12fff1e 	bx	lr

00021cb4 <get_ticks>:
   21cb4:	e92d4830 	push	{r4, r5, fp, lr}
   21cb8:	e28db00c 	add	fp, sp, #12
   21cbc:	e24dd010 	sub	sp, sp, #16
   21cc0:	e3a03000 	mov	r3, #0
   21cc4:	e50b3014 	str	r3, [fp, #-20]	; 0xffffffec
   21cc8:	e3a03000 	mov	r3, #0
   21ccc:	e50b3010 	str	r3, [fp, #-16]
   21cd0:	ebffffed 	bl	21c8c <timer_read_counter>
   21cd4:	e50b0018 	str	r0, [fp, #-24]	; 0xffffffe8
   21cd8:	e51b2018 	ldr	r2, [fp, #-24]	; 0xffffffe8
   21cdc:	e51b3014 	ldr	r3, [fp, #-20]	; 0xffffffec
   21ce0:	e1520003 	cmp	r2, r3
   21ce4:	2a000002 	bcs	21cf4 <get_ticks+0x40>
   21ce8:	e51b3010 	ldr	r3, [fp, #-16]
   21cec:	e2833001 	add	r3, r3, #1
   21cf0:	e50b3010 	str	r3, [fp, #-16]
   21cf4:	e51b3018 	ldr	r3, [fp, #-24]	; 0xffffffe8
   21cf8:	e50b3014 	str	r3, [fp, #-20]	; 0xffffffec
   21cfc:	e51b3010 	ldr	r3, [fp, #-16]
   21d00:	e1a02003 	mov	r2, r3
   21d04:	e3a03000 	mov	r3, #0
   21d08:	e1a05002 	mov	r5, r2
   21d0c:	e3a04000 	mov	r4, #0
   21d10:	e51b3014 	ldr	r3, [fp, #-20]	; 0xffffffec
   21d14:	e1a02003 	mov	r2, r3
   21d18:	e3a03000 	mov	r3, #0
   21d1c:	e1822004 	orr	r2, r2, r4
   21d20:	e1833005 	orr	r3, r3, r5
   21d24:	e1a00002 	mov	r0, r2
   21d28:	e1a01003 	mov	r1, r3
   21d2c:	e24bd00c 	sub	sp, fp, #12
   21d30:	e8bd8830 	pop	{r4, r5, fp, pc}

00021d34 <tick_to_time>:
   21d34:	e92d4bf0 	push	{r4, r5, r6, r7, r8, r9, fp, lr}
   21d38:	e28db01c 	add	fp, sp, #28
   21d3c:	e24dd020 	sub	sp, sp, #32
   21d40:	e14b03f4 	strd	r0, [fp, #-52]	; 0xffffffcc
   21d44:	e30d1e43 	movw	r1, #56899	; 0xde43
   21d48:	e3401013 	movt	r1, #19
   21d4c:	e50b1024 	str	r1, [fp, #-36]	; 0xffffffdc
   21d50:	e14b03d4 	ldrd	r0, [fp, #-52]	; 0xffffffcc
   21d54:	e14b03fc 	strd	r0, [fp, #-60]	; 0xffffffc4
   21d58:	e1a07101 	lsl	r7, r1, #2
   21d5c:	e1877f20 	orr	r7, r7, r0, lsr #30
   21d60:	e1a06100 	lsl	r6, r0, #2
   21d64:	e1a00006 	mov	r0, r6
   21d68:	e1a01007 	mov	r1, r7
   21d6c:	e1a03281 	lsl	r3, r1, #5
   21d70:	e1833da0 	orr	r3, r3, r0, lsr #27
   21d74:	e1a02280 	lsl	r2, r0, #5
   21d78:	e0522000 	subs	r2, r2, r0
   21d7c:	e0c33001 	sbc	r3, r3, r1
   21d80:	e14b03dc 	ldrd	r0, [fp, #-60]	; 0xffffffc4
   21d84:	e0900002 	adds	r0, r0, r2
   21d88:	e0a11003 	adc	r1, r1, r3
   21d8c:	e1a02000 	mov	r2, r0
   21d90:	e1a03001 	mov	r3, r1
   21d94:	e1a05183 	lsl	r5, r3, #3
   21d98:	e1855ea2 	orr	r5, r5, r2, lsr #29
   21d9c:	e1a04182 	lsl	r4, r2, #3
   21da0:	e1a02004 	mov	r2, r4
   21da4:	e1a03005 	mov	r3, r5
   21da8:	e14b23f4 	strd	r2, [fp, #-52]	; 0xffffffcc
   21dac:	e51b3024 	ldr	r3, [fp, #-36]	; 0xffffffdc
   21db0:	e50b3028 	str	r3, [fp, #-40]	; 0xffffffd8
   21db4:	e14b23d4 	ldrd	r2, [fp, #-52]	; 0xffffffcc
   21db8:	e1a08003 	mov	r8, r3
   21dbc:	e3a09000 	mov	r9, #0
   21dc0:	e1983009 	orrs	r3, r8, r9
   21dc4:	1a000010 	bne	21e0c <tick_to_time+0xd8>
   21dc8:	e14b23d4 	ldrd	r2, [fp, #-52]	; 0xffffffcc
   21dcc:	e1a03002 	mov	r3, r2
   21dd0:	e1a00003 	mov	r0, r3
   21dd4:	e51b1028 	ldr	r1, [fp, #-40]	; 0xffffffd8
   21dd8:	eb00019f 	bl	2245c <__aeabi_uidivmod>
   21ddc:	e1a03001 	mov	r3, r1
   21de0:	e50b3020 	str	r3, [fp, #-32]	; 0xffffffe0
   21de4:	e14b23d4 	ldrd	r2, [fp, #-52]	; 0xffffffcc
   21de8:	e1a03002 	mov	r3, r2
   21dec:	e1a00003 	mov	r0, r3
   21df0:	e51b1028 	ldr	r1, [fp, #-40]	; 0xffffffd8
   21df4:	eb00011d 	bl	22270 <__aeabi_uidiv>
   21df8:	e1a03000 	mov	r3, r0
   21dfc:	e1a02003 	mov	r2, r3
   21e00:	e3a03000 	mov	r3, #0
   21e04:	e14b23f4 	strd	r2, [fp, #-52]	; 0xffffffcc
   21e08:	ea000004 	b	21e20 <tick_to_time+0xec>
   21e0c:	e24b3034 	sub	r3, fp, #52	; 0x34
   21e10:	e1a00003 	mov	r0, r3
   21e14:	e51b1028 	ldr	r1, [fp, #-40]	; 0xffffffd8
   21e18:	ebffff02 	bl	21a28 <__div64_32>
   21e1c:	e50b0020 	str	r0, [fp, #-32]	; 0xffffffe0
   21e20:	e14b23d4 	ldrd	r2, [fp, #-52]	; 0xffffffcc
   21e24:	e1a00002 	mov	r0, r2
   21e28:	e1a01003 	mov	r1, r3
   21e2c:	e24bd01c 	sub	sp, fp, #28
   21e30:	e8bd8bf0 	pop	{r4, r5, r6, r7, r8, r9, fp, pc}

00021e34 <get_timer>:
   21e34:	e92d4800 	push	{fp, lr}
   21e38:	e28db004 	add	fp, sp, #4
   21e3c:	e24dd008 	sub	sp, sp, #8
   21e40:	e50b0008 	str	r0, [fp, #-8]
   21e44:	ebffff9a 	bl	21cb4 <get_ticks>
   21e48:	e1a02000 	mov	r2, r0
   21e4c:	e1a03001 	mov	r3, r1
   21e50:	e1a00002 	mov	r0, r2
   21e54:	e1a01003 	mov	r1, r3
   21e58:	ebffffb5 	bl	21d34 <tick_to_time>
   21e5c:	e1a02000 	mov	r2, r0
   21e60:	e1a03001 	mov	r3, r1
   21e64:	e51b3008 	ldr	r3, [fp, #-8]
   21e68:	e0633002 	rsb	r3, r3, r2
   21e6c:	e1a00003 	mov	r0, r3
   21e70:	e24bd004 	sub	sp, fp, #4
   21e74:	e8bd8800 	pop	{fp, pc}

00021e78 <timer_get_us>:
   21e78:	e92d4bf0 	push	{r4, r5, r6, r7, r8, r9, fp, lr}
   21e7c:	e28db01c 	add	fp, sp, #28
   21e80:	ebffff8b 	bl	21cb4 <get_ticks>
   21e84:	e1a02000 	mov	r2, r0
   21e88:	e1a03001 	mov	r3, r1
   21e8c:	e1a09103 	lsl	r9, r3, #2
   21e90:	e1899f22 	orr	r9, r9, r2, lsr #30
   21e94:	e1a08102 	lsl	r8, r2, #2
   21e98:	e1a02008 	mov	r2, r8
   21e9c:	e1a03009 	mov	r3, r9
   21ea0:	e1a05283 	lsl	r5, r3, #5
   21ea4:	e1855da2 	orr	r5, r5, r2, lsr #27
   21ea8:	e1a04282 	lsl	r4, r2, #5
   21eac:	e0544002 	subs	r4, r4, r2
   21eb0:	e0c55003 	sbc	r5, r5, r3
   21eb4:	e0944000 	adds	r4, r4, r0
   21eb8:	e0a55001 	adc	r5, r5, r1
   21ebc:	e1a07185 	lsl	r7, r5, #3
   21ec0:	e1877ea4 	orr	r7, r7, r4, lsr #29
   21ec4:	e1a06184 	lsl	r6, r4, #3
   21ec8:	e1a04006 	mov	r4, r6
   21ecc:	e1a05007 	mov	r5, r7
   21ed0:	e1a02004 	mov	r2, r4
   21ed4:	e1a03005 	mov	r3, r5
   21ed8:	e1a00002 	mov	r0, r2
   21edc:	e1a01003 	mov	r1, r3
   21ee0:	ebffff93 	bl	21d34 <tick_to_time>
   21ee4:	e1a02000 	mov	r2, r0
   21ee8:	e1a03001 	mov	r3, r1
   21eec:	e1a03002 	mov	r3, r2
   21ef0:	e1a00003 	mov	r0, r3
   21ef4:	e8bd8bf0 	pop	{r4, r5, r6, r7, r8, r9, fp, pc}

00021ef8 <timer_init>:
   21ef8:	e52db004 	push	{fp}		; (str fp, [sp, #-4]!)
   21efc:	e28db000 	add	fp, sp, #0
   21f00:	e24dd00c 	sub	sp, sp, #12
   21f04:	e3a03000 	mov	r3, #0
   21f08:	e50b3008 	str	r3, [fp, #-8]
   21f0c:	e30f3f03 	movw	r3, #65283	; 0xff03
   21f10:	e50b300c 	str	r3, [fp, #-12]
   21f14:	e30235d8 	movw	r3, #9688	; 0x25d8
   21f18:	e3403002 	movt	r3, #2
   21f1c:	e5933000 	ldr	r3, [r3]
   21f20:	e1a02003 	mov	r2, r3
   21f24:	e3e03000 	mvn	r3, #0
   21f28:	e5823000 	str	r3, [r2]
   21f2c:	e30235d8 	movw	r3, #9688	; 0x25d8
   21f30:	e3403002 	movt	r3, #2
   21f34:	e5933000 	ldr	r3, [r3]
   21f38:	e5933008 	ldr	r3, [r3, #8]
   21f3c:	e50b3008 	str	r3, [fp, #-8]
   21f40:	e51b3008 	ldr	r3, [fp, #-8]
   21f44:	e3c33cff 	bic	r3, r3, #65280	; 0xff00
   21f48:	e50b3008 	str	r3, [fp, #-8]
   21f4c:	e51b2008 	ldr	r2, [fp, #-8]
   21f50:	e51b300c 	ldr	r3, [fp, #-12]
   21f54:	e1823003 	orr	r3, r2, r3
   21f58:	e50b3008 	str	r3, [fp, #-8]
   21f5c:	e30235d8 	movw	r3, #9688	; 0x25d8
   21f60:	e3403002 	movt	r3, #2
   21f64:	e5933000 	ldr	r3, [r3]
   21f68:	e2833008 	add	r3, r3, #8
   21f6c:	e51b2008 	ldr	r2, [fp, #-8]
   21f70:	e5832000 	str	r2, [r3]
   21f74:	e3a03000 	mov	r3, #0
   21f78:	e1a00003 	mov	r0, r3
   21f7c:	e24bd000 	sub	sp, fp, #0
   21f80:	e49db004 	pop	{fp}		; (ldr fp, [sp], #4)
   21f84:	e12fff1e 	bx	lr

00021f88 <gtimer_init>:
   21f88:	e52db004 	push	{fp}		; (str fp, [sp, #-4]!)
   21f8c:	e28db000 	add	fp, sp, #0
   21f90:	e24dd00c 	sub	sp, sp, #12
   21f94:	e3a03000 	mov	r3, #0
   21f98:	e50b3008 	str	r3, [fp, #-8]
   21f9c:	e30f3f01 	movw	r3, #65281	; 0xff01
   21fa0:	e50b300c 	str	r3, [fp, #-12]
   21fa4:	e3a03f82 	mov	r3, #520	; 0x208
   21fa8:	e34f38f0 	movt	r3, #63728	; 0xf8f0
   21fac:	e51b200c 	ldr	r2, [fp, #-12]
   21fb0:	e5832000 	str	r2, [r3]
   21fb4:	e3a03000 	mov	r3, #0
   21fb8:	e1a00003 	mov	r0, r3
   21fbc:	e24bd000 	sub	sp, fp, #0
   21fc0:	e49db004 	pop	{fp}		; (ldr fp, [sp], #4)
   21fc4:	e12fff1e 	bx	lr

00021fc8 <gtimer_read_counter>:
   21fc8:	e52db004 	push	{fp}		; (str fp, [sp, #-4]!)
   21fcc:	e28db000 	add	fp, sp, #0
   21fd0:	e24dd01c 	sub	sp, sp, #28
   21fd4:	e3a03000 	mov	r3, #0
   21fd8:	e50b3008 	str	r3, [fp, #-8]
   21fdc:	e3a03000 	mov	r3, #0
   21fe0:	e50b300c 	str	r3, [fp, #-12]
   21fe4:	e3a03000 	mov	r3, #0
   21fe8:	e50b3010 	str	r3, [fp, #-16]
   21fec:	e3a02000 	mov	r2, #0
   21ff0:	e3a03000 	mov	r3, #0
   21ff4:	e14b21fc 	strd	r2, [fp, #-28]	; 0xffffffe4
   21ff8:	e3a03f81 	mov	r3, #516	; 0x204
   21ffc:	e34f38f0 	movt	r3, #63728	; 0xf8f0
   22000:	e5933000 	ldr	r3, [r3]
   22004:	e50b300c 	str	r3, [fp, #-12]
   22008:	e3a03c02 	mov	r3, #512	; 0x200
   2200c:	e34f38f0 	movt	r3, #63728	; 0xf8f0
   22010:	e5933000 	ldr	r3, [r3]
   22014:	e50b3008 	str	r3, [fp, #-8]
   22018:	e3a03f81 	mov	r3, #516	; 0x204
   2201c:	e34f38f0 	movt	r3, #63728	; 0xf8f0
   22020:	e5933000 	ldr	r3, [r3]
   22024:	e50b3010 	str	r3, [fp, #-16]
   22028:	e51b200c 	ldr	r2, [fp, #-12]
   2202c:	e51b3010 	ldr	r3, [fp, #-16]
   22030:	e1520003 	cmp	r2, r3
   22034:	0a000003 	beq	22048 <gtimer_read_counter+0x80>
   22038:	e3a03c02 	mov	r3, #512	; 0x200
   2203c:	e34f38f0 	movt	r3, #63728	; 0xf8f0
   22040:	e5933000 	ldr	r3, [r3]
   22044:	e50b3008 	str	r3, [fp, #-8]
   22048:	e3a03f81 	mov	r3, #516	; 0x204
   2204c:	e34f38f0 	movt	r3, #63728	; 0xf8f0
   22050:	e5933000 	ldr	r3, [r3]
   22054:	e50b300c 	str	r3, [fp, #-12]
   22058:	e3a02000 	mov	r2, #0
   2205c:	e51b3008 	ldr	r3, [fp, #-8]
   22060:	e1823003 	orr	r3, r2, r3
   22064:	e1a02003 	mov	r2, r3
   22068:	e3a03000 	mov	r3, #0
   2206c:	e14b21fc 	strd	r2, [fp, #-28]	; 0xffffffe4
   22070:	e14b21dc 	ldrd	r2, [fp, #-28]	; 0xffffffe4
   22074:	e1a00002 	mov	r0, r2
   22078:	e1a01003 	mov	r1, r3
   2207c:	e24bd000 	sub	sp, fp, #0
   22080:	e49db004 	pop	{fp}		; (ldr fp, [sp], #4)
   22084:	e12fff1e 	bx	lr

00022088 <gget_timer>:
   22088:	e92d4800 	push	{fp, lr}
   2208c:	e28db004 	add	fp, sp, #4
   22090:	e24dd008 	sub	sp, sp, #8
   22094:	e50b0008 	str	r0, [fp, #-8]
   22098:	ebffffca 	bl	21fc8 <gtimer_read_counter>
   2209c:	e1a02000 	mov	r2, r0
   220a0:	e1a03001 	mov	r3, r1
   220a4:	e1a00002 	mov	r0, r2
   220a8:	e1a01003 	mov	r1, r3
   220ac:	ebffff20 	bl	21d34 <tick_to_time>
   220b0:	e51b3008 	ldr	r3, [fp, #-8]
   220b4:	e1a02003 	mov	r2, r3
   220b8:	e3a03000 	mov	r3, #0
   220bc:	e0502002 	subs	r2, r0, r2
   220c0:	e0c13003 	sbc	r3, r1, r3
   220c4:	e1a00002 	mov	r0, r2
   220c8:	e1a01003 	mov	r1, r3
   220cc:	e24bd004 	sub	sp, fp, #4
   220d0:	e8bd8800 	pop	{fp, pc}

000220d4 <gtimer_get_us>:
   220d4:	e92d4bf0 	push	{r4, r5, r6, r7, r8, r9, fp, lr}
   220d8:	e28db01c 	add	fp, sp, #28
   220dc:	ebffffb9 	bl	21fc8 <gtimer_read_counter>
   220e0:	e1a02000 	mov	r2, r0
   220e4:	e1a03001 	mov	r3, r1
   220e8:	e1a09103 	lsl	r9, r3, #2
   220ec:	e1899f22 	orr	r9, r9, r2, lsr #30
   220f0:	e1a08102 	lsl	r8, r2, #2
   220f4:	e1a02008 	mov	r2, r8
   220f8:	e1a03009 	mov	r3, r9
   220fc:	e1a05283 	lsl	r5, r3, #5
   22100:	e1855da2 	orr	r5, r5, r2, lsr #27
   22104:	e1a04282 	lsl	r4, r2, #5
   22108:	e0544002 	subs	r4, r4, r2
   2210c:	e0c55003 	sbc	r5, r5, r3
   22110:	e0944000 	adds	r4, r4, r0
   22114:	e0a55001 	adc	r5, r5, r1
   22118:	e1a07185 	lsl	r7, r5, #3
   2211c:	e1877ea4 	orr	r7, r7, r4, lsr #29
   22120:	e1a06184 	lsl	r6, r4, #3
   22124:	e1a04006 	mov	r4, r6
   22128:	e1a05007 	mov	r5, r7
   2212c:	e1a02004 	mov	r2, r4
   22130:	e1a03005 	mov	r3, r5
   22134:	e1a00002 	mov	r0, r2
   22138:	e1a01003 	mov	r1, r3
   2213c:	ebfffefc 	bl	21d34 <tick_to_time>
   22140:	e1a02000 	mov	r2, r0
   22144:	e1a03001 	mov	r3, r1
   22148:	e1a00002 	mov	r0, r2
   2214c:	e1a01003 	mov	r1, r3
   22150:	e8bd8bf0 	pop	{r4, r5, r6, r7, r8, r9, fp, pc}

00022154 <uart_putc>:
   22154:	e52db004 	push	{fp}		; (str fp, [sp, #-4]!)
   22158:	e28db000 	add	fp, sp, #0
   2215c:	e24dd00c 	sub	sp, sp, #12
   22160:	e1a03000 	mov	r3, r0
   22164:	e54b3005 	strb	r3, [fp, #-5]
   22168:	e1a00000 	nop			; (mov r0, r0)
   2216c:	e301302c 	movw	r3, #4140	; 0x102c
   22170:	e34e3000 	movt	r3, #57344	; 0xe000
   22174:	e5933000 	ldr	r3, [r3]
   22178:	e2033010 	and	r3, r3, #16
   2217c:	e3530000 	cmp	r3, #0
   22180:	1afffff9 	bne	2216c <uart_putc+0x18>
   22184:	e55b3005 	ldrb	r3, [fp, #-5]
   22188:	e353000a 	cmp	r3, #10
   2218c:	1a00000a 	bne	221bc <uart_putc+0x68>
   22190:	e3013030 	movw	r3, #4144	; 0x1030
   22194:	e34e3000 	movt	r3, #57344	; 0xe000
   22198:	e3a0200d 	mov	r2, #13
   2219c:	e5832000 	str	r2, [r3]
   221a0:	e1a00000 	nop			; (mov r0, r0)
   221a4:	e301302c 	movw	r3, #4140	; 0x102c
   221a8:	e34e3000 	movt	r3, #57344	; 0xe000
   221ac:	e5933000 	ldr	r3, [r3]
   221b0:	e2033010 	and	r3, r3, #16
   221b4:	e3530000 	cmp	r3, #0
   221b8:	1afffff9 	bne	221a4 <uart_putc+0x50>
   221bc:	e3013030 	movw	r3, #4144	; 0x1030
   221c0:	e34e3000 	movt	r3, #57344	; 0xe000
   221c4:	e55b2005 	ldrb	r2, [fp, #-5]
   221c8:	e5832000 	str	r2, [r3]
   221cc:	e24bd000 	sub	sp, fp, #0
   221d0:	e49db004 	pop	{fp}		; (ldr fp, [sp], #4)
   221d4:	e12fff1e 	bx	lr

000221d8 <uart_puts>:
   221d8:	e92d4800 	push	{fp, lr}
   221dc:	e28db004 	add	fp, sp, #4
   221e0:	e24dd008 	sub	sp, sp, #8
   221e4:	e50b0008 	str	r0, [fp, #-8]
   221e8:	ea000005 	b	22204 <uart_puts+0x2c>
   221ec:	e51b3008 	ldr	r3, [fp, #-8]
   221f0:	e2832001 	add	r2, r3, #1
   221f4:	e50b2008 	str	r2, [fp, #-8]
   221f8:	e5d33000 	ldrb	r3, [r3]
   221fc:	e1a00003 	mov	r0, r3
   22200:	ebffffd3 	bl	22154 <uart_putc>
   22204:	e51b3008 	ldr	r3, [fp, #-8]
   22208:	e5d33000 	ldrb	r3, [r3]
   2220c:	e3530000 	cmp	r3, #0
   22210:	1afffff5 	bne	221ec <uart_puts+0x14>
   22214:	e24bd004 	sub	sp, fp, #4
   22218:	e8bd8800 	pop	{fp, pc}

0002221c <uart_init>:
   2221c:	e52db004 	push	{fp}		; (str fp, [sp, #-4]!)
   22220:	e28db000 	add	fp, sp, #0
   22224:	e3a03a01 	mov	r3, #4096	; 0x1000
   22228:	e34e3000 	movt	r3, #57344	; 0xe000
   2222c:	e3a02017 	mov	r2, #23
   22230:	e5832000 	str	r2, [r3]
   22234:	e3013004 	movw	r3, #4100	; 0x1004
   22238:	e34e3000 	movt	r3, #57344	; 0xe000
   2223c:	e3a02020 	mov	r2, #32
   22240:	e5832000 	str	r2, [r3]
   22244:	e3013018 	movw	r3, #4120	; 0x1018
   22248:	e34e3000 	movt	r3, #57344	; 0xe000
   2224c:	e3a02056 	mov	r2, #86	; 0x56
   22250:	e5832000 	str	r2, [r3]
   22254:	e3013034 	movw	r3, #4148	; 0x1034
   22258:	e34e3000 	movt	r3, #57344	; 0xe000
   2225c:	e3a02004 	mov	r2, #4
   22260:	e5832000 	str	r2, [r3]
   22264:	e24bd000 	sub	sp, fp, #0
   22268:	e49db004 	pop	{fp}		; (ldr fp, [sp], #4)
   2226c:	e12fff1e 	bx	lr

00022270 <__aeabi_uidiv>:
   22270:	e2512001 	subs	r2, r1, #1
   22274:	012fff1e 	bxeq	lr
   22278:	3a000074 	bcc	22450 <__aeabi_uidiv+0x1e0>
   2227c:	e1500001 	cmp	r0, r1
   22280:	9a00006b 	bls	22434 <__aeabi_uidiv+0x1c4>
   22284:	e1110002 	tst	r1, r2
   22288:	0a00006c 	beq	22440 <__aeabi_uidiv+0x1d0>
   2228c:	e16f3f10 	clz	r3, r0
   22290:	e16f2f11 	clz	r2, r1
   22294:	e0423003 	sub	r3, r2, r3
   22298:	e273301f 	rsbs	r3, r3, #31
   2229c:	10833083 	addne	r3, r3, r3, lsl #1
   222a0:	e3a02000 	mov	r2, #0
   222a4:	108ff103 	addne	pc, pc, r3, lsl #2
   222a8:	e1a00000 	nop			; (mov r0, r0)
   222ac:	e1500f81 	cmp	r0, r1, lsl #31
   222b0:	e0a22002 	adc	r2, r2, r2
   222b4:	20400f81 	subcs	r0, r0, r1, lsl #31
   222b8:	e1500f01 	cmp	r0, r1, lsl #30
   222bc:	e0a22002 	adc	r2, r2, r2
   222c0:	20400f01 	subcs	r0, r0, r1, lsl #30
   222c4:	e1500e81 	cmp	r0, r1, lsl #29
   222c8:	e0a22002 	adc	r2, r2, r2
   222cc:	20400e81 	subcs	r0, r0, r1, lsl #29
   222d0:	e1500e01 	cmp	r0, r1, lsl #28
   222d4:	e0a22002 	adc	r2, r2, r2
   222d8:	20400e01 	subcs	r0, r0, r1, lsl #28
   222dc:	e1500d81 	cmp	r0, r1, lsl #27
   222e0:	e0a22002 	adc	r2, r2, r2
   222e4:	20400d81 	subcs	r0, r0, r1, lsl #27
   222e8:	e1500d01 	cmp	r0, r1, lsl #26
   222ec:	e0a22002 	adc	r2, r2, r2
   222f0:	20400d01 	subcs	r0, r0, r1, lsl #26
   222f4:	e1500c81 	cmp	r0, r1, lsl #25
   222f8:	e0a22002 	adc	r2, r2, r2
   222fc:	20400c81 	subcs	r0, r0, r1, lsl #25
   22300:	e1500c01 	cmp	r0, r1, lsl #24
   22304:	e0a22002 	adc	r2, r2, r2
   22308:	20400c01 	subcs	r0, r0, r1, lsl #24
   2230c:	e1500b81 	cmp	r0, r1, lsl #23
   22310:	e0a22002 	adc	r2, r2, r2
   22314:	20400b81 	subcs	r0, r0, r1, lsl #23
   22318:	e1500b01 	cmp	r0, r1, lsl #22
   2231c:	e0a22002 	adc	r2, r2, r2
   22320:	20400b01 	subcs	r0, r0, r1, lsl #22
   22324:	e1500a81 	cmp	r0, r1, lsl #21
   22328:	e0a22002 	adc	r2, r2, r2
   2232c:	20400a81 	subcs	r0, r0, r1, lsl #21
   22330:	e1500a01 	cmp	r0, r1, lsl #20
   22334:	e0a22002 	adc	r2, r2, r2
   22338:	20400a01 	subcs	r0, r0, r1, lsl #20
   2233c:	e1500981 	cmp	r0, r1, lsl #19
   22340:	e0a22002 	adc	r2, r2, r2
   22344:	20400981 	subcs	r0, r0, r1, lsl #19
   22348:	e1500901 	cmp	r0, r1, lsl #18
   2234c:	e0a22002 	adc	r2, r2, r2
   22350:	20400901 	subcs	r0, r0, r1, lsl #18
   22354:	e1500881 	cmp	r0, r1, lsl #17
   22358:	e0a22002 	adc	r2, r2, r2
   2235c:	20400881 	subcs	r0, r0, r1, lsl #17
   22360:	e1500801 	cmp	r0, r1, lsl #16
   22364:	e0a22002 	adc	r2, r2, r2
   22368:	20400801 	subcs	r0, r0, r1, lsl #16
   2236c:	e1500781 	cmp	r0, r1, lsl #15
   22370:	e0a22002 	adc	r2, r2, r2
   22374:	20400781 	subcs	r0, r0, r1, lsl #15
   22378:	e1500701 	cmp	r0, r1, lsl #14
   2237c:	e0a22002 	adc	r2, r2, r2
   22380:	20400701 	subcs	r0, r0, r1, lsl #14
   22384:	e1500681 	cmp	r0, r1, lsl #13
   22388:	e0a22002 	adc	r2, r2, r2
   2238c:	20400681 	subcs	r0, r0, r1, lsl #13
   22390:	e1500601 	cmp	r0, r1, lsl #12
   22394:	e0a22002 	adc	r2, r2, r2
   22398:	20400601 	subcs	r0, r0, r1, lsl #12
   2239c:	e1500581 	cmp	r0, r1, lsl #11
   223a0:	e0a22002 	adc	r2, r2, r2
   223a4:	20400581 	subcs	r0, r0, r1, lsl #11
   223a8:	e1500501 	cmp	r0, r1, lsl #10
   223ac:	e0a22002 	adc	r2, r2, r2
   223b0:	20400501 	subcs	r0, r0, r1, lsl #10
   223b4:	e1500481 	cmp	r0, r1, lsl #9
   223b8:	e0a22002 	adc	r2, r2, r2
   223bc:	20400481 	subcs	r0, r0, r1, lsl #9
   223c0:	e1500401 	cmp	r0, r1, lsl #8
   223c4:	e0a22002 	adc	r2, r2, r2
   223c8:	20400401 	subcs	r0, r0, r1, lsl #8
   223cc:	e1500381 	cmp	r0, r1, lsl #7
   223d0:	e0a22002 	adc	r2, r2, r2
   223d4:	20400381 	subcs	r0, r0, r1, lsl #7
   223d8:	e1500301 	cmp	r0, r1, lsl #6
   223dc:	e0a22002 	adc	r2, r2, r2
   223e0:	20400301 	subcs	r0, r0, r1, lsl #6
   223e4:	e1500281 	cmp	r0, r1, lsl #5
   223e8:	e0a22002 	adc	r2, r2, r2
   223ec:	20400281 	subcs	r0, r0, r1, lsl #5
   223f0:	e1500201 	cmp	r0, r1, lsl #4
   223f4:	e0a22002 	adc	r2, r2, r2
   223f8:	20400201 	subcs	r0, r0, r1, lsl #4
   223fc:	e1500181 	cmp	r0, r1, lsl #3
   22400:	e0a22002 	adc	r2, r2, r2
   22404:	20400181 	subcs	r0, r0, r1, lsl #3
   22408:	e1500101 	cmp	r0, r1, lsl #2
   2240c:	e0a22002 	adc	r2, r2, r2
   22410:	20400101 	subcs	r0, r0, r1, lsl #2
   22414:	e1500081 	cmp	r0, r1, lsl #1
   22418:	e0a22002 	adc	r2, r2, r2
   2241c:	20400081 	subcs	r0, r0, r1, lsl #1
   22420:	e1500001 	cmp	r0, r1
   22424:	e0a22002 	adc	r2, r2, r2
   22428:	20400001 	subcs	r0, r0, r1
   2242c:	e1a00002 	mov	r0, r2
   22430:	e12fff1e 	bx	lr
   22434:	03a00001 	moveq	r0, #1
   22438:	13a00000 	movne	r0, #0
   2243c:	e12fff1e 	bx	lr
   22440:	e16f2f11 	clz	r2, r1
   22444:	e262201f 	rsb	r2, r2, #31
   22448:	e1a00230 	lsr	r0, r0, r2
   2244c:	e12fff1e 	bx	lr
   22450:	e3500000 	cmp	r0, #0
   22454:	13e00000 	mvnne	r0, #0
   22458:	ea000007 	b	2247c <__aeabi_idiv0>

0002245c <__aeabi_uidivmod>:
   2245c:	e3510000 	cmp	r1, #0
   22460:	0afffffa 	beq	22450 <__aeabi_uidiv+0x1e0>
   22464:	e92d4003 	push	{r0, r1, lr}
   22468:	ebffff80 	bl	22270 <__aeabi_uidiv>
   2246c:	e8bd4006 	pop	{r1, r2, lr}
   22470:	e0030092 	mul	r3, r2, r0
   22474:	e0411003 	sub	r1, r1, r3
   22478:	e12fff1e 	bx	lr

0002247c <__aeabi_idiv0>:
   2247c:	e92d4002 	push	{r1, lr}
   22480:	e3a00008 	mov	r0, #8
   22484:	ebfffdf4 	bl	21c5c <raise>
   22488:	e8bd8002 	pop	{r1, pc}

Disassembly of section .rodata:

0002248c <_ctype>:
   2248c:	08080808 	stmdaeq	r8, {r3, fp}
   22490:	08080808 	stmdaeq	r8, {r3, fp}
   22494:	28282808 	stmdacs	r8!, {r3, fp, sp}
   22498:	08082828 	stmdaeq	r8, {r3, r5, fp, sp}
   2249c:	08080808 	stmdaeq	r8, {r3, fp}
   224a0:	08080808 	stmdaeq	r8, {r3, fp}
   224a4:	08080808 	stmdaeq	r8, {r3, fp}
   224a8:	08080808 	stmdaeq	r8, {r3, fp}
   224ac:	101010a0 	andsne	r1, r0, r0, lsr #1
   224b0:	10101010 	andsne	r1, r0, r0, lsl r0
   224b4:	10101010 	andsne	r1, r0, r0, lsl r0
   224b8:	10101010 	andsne	r1, r0, r0, lsl r0
   224bc:	04040404 	streq	r0, [r4], #-1028	; 0xfffffbfc
   224c0:	04040404 	streq	r0, [r4], #-1028	; 0xfffffbfc
   224c4:	10100404 	andsne	r0, r0, r4, lsl #8
   224c8:	10101010 	andsne	r1, r0, r0, lsl r0
   224cc:	41414110 	cmpmi	r1, r0, lsl r1
   224d0:	01414141 	cmpeq	r1, r1, asr #2
   224d4:	01010101 	tsteq	r1, r1, lsl #2
   224d8:	01010101 	tsteq	r1, r1, lsl #2
   224dc:	01010101 	tsteq	r1, r1, lsl #2
   224e0:	01010101 	tsteq	r1, r1, lsl #2
   224e4:	10010101 	andne	r0, r1, r1, lsl #2
   224e8:	10101010 	andsne	r1, r0, r0, lsl r0
   224ec:	42424210 	submi	r4, r2, #16, 4
   224f0:	02424242 	subeq	r4, r2, #536870916	; 0x20000004
   224f4:	02020202 	andeq	r0, r2, #536870912	; 0x20000000
   224f8:	02020202 	andeq	r0, r2, #536870912	; 0x20000000
   224fc:	02020202 	andeq	r0, r2, #536870912	; 0x20000000
   22500:	02020202 	andeq	r0, r2, #536870912	; 0x20000000
   22504:	10020202 	andne	r0, r2, r2, lsl #4
   22508:	08101010 	ldmdaeq	r0, {r4, ip}
	...
   2252c:	101010a0 	andsne	r1, r0, r0, lsr #1
   22530:	10101010 	andsne	r1, r0, r0, lsl r0
   22534:	10101010 	andsne	r1, r0, r0, lsl r0
   22538:	10101010 	andsne	r1, r0, r0, lsl r0
   2253c:	10101010 	andsne	r1, r0, r0, lsl r0
   22540:	10101010 	andsne	r1, r0, r0, lsl r0
   22544:	10101010 	andsne	r1, r0, r0, lsl r0
   22548:	10101010 	andsne	r1, r0, r0, lsl r0
   2254c:	01010101 	tsteq	r1, r1, lsl #2
   22550:	01010101 	tsteq	r1, r1, lsl #2
   22554:	01010101 	tsteq	r1, r1, lsl #2
   22558:	01010101 	tsteq	r1, r1, lsl #2
   2255c:	01010101 	tsteq	r1, r1, lsl #2
   22560:	10010101 	andne	r0, r1, r1, lsl #2
   22564:	01010101 	tsteq	r1, r1, lsl #2
   22568:	02010101 	andeq	r0, r1, #1073741824	; 0x40000000
   2256c:	02020202 	andeq	r0, r2, #536870912	; 0x20000000
   22570:	02020202 	andeq	r0, r2, #536870912	; 0x20000000
   22574:	02020202 	andeq	r0, r2, #536870912	; 0x20000000
   22578:	02020202 	andeq	r0, r2, #536870912	; 0x20000000
   2257c:	02020202 	andeq	r0, r2, #536870912	; 0x20000000
   22580:	10020202 	andne	r0, r2, r2, lsl #4
   22584:	02020202 	andeq	r0, r2, #536870912	; 0x20000000
   22588:	02020202 	andeq	r0, r2, #536870912	; 0x20000000

0002258c <.LC0>:
   2258c:	4c554e3c 	mrrcmi	14, 3, r4, r5, cr12
   22590:	00003e4c 	andeq	r3, r0, ip, asr #28

00022594 <.LC1>:
   22594:	7537255b 	ldrvc	r2, [r7, #-1371]!	; 0xfffffaa5
   22598:	3330252e 	teqcc	r0, #192937984	; 0xb800000
   2259c:	73255d75 	teqvc	r5, #7488	; 0x1d40
   225a0:	00000000 	andeq	r0, r0, r0

000225a4 <.LC2>:
   225a4:	73696172 	cmnvc	r9, #-2147483620	; 0x8000001c
   225a8:	53203a65 	teqpl	r0, #413696	; 0x65000
   225ac:	616e6769 	cmnvs	lr, r9, ror #14
   225b0:	2023206c 	eorcs	r2, r3, ip, rrx
   225b4:	63206425 	teqvs	r0, #620756992	; 0x25000000
   225b8:	68677561 	stmdavs	r7!, {r0, r5, r6, r8, sl, ip, sp, lr}^
   225bc:	00000a74 	andeq	r0, r0, r4, ror sl

000225c0 <digits.4216>:
   225c0:	33323130 	teqcc	r2, #48, 2
   225c4:	37363534 			; <UNDEFINED> instruction: 0x37363534
   225c8:	42413938 	submi	r3, r1, #56, 18	; 0xe0000
   225cc:	46454443 	strbmi	r4, [r5], -r3, asr #8

Disassembly of section .data:

000225d0 <baseaddr_input>:
   225d0:	00024000 	andeq	r4, r2, r0

000225d4 <baseaddr_output>:
   225d4:	0002a000 	andeq	sl, r2, r0

000225d8 <timer_base>:
   225d8:	f8f00600 			; <UNDEFINED> instruction: 0xf8f00600

Disassembly of section .ARM.attributes:

00000000 <.ARM.attributes>:
   0:	00003c41 	andeq	r3, r0, r1, asr #24
   4:	61656100 	cmnvs	r5, r0, lsl #2
   8:	01006962 	tsteq	r0, r2, ror #18
   c:	00000032 	andeq	r0, r0, r2, lsr r0
  10:	726f4305 	rsbvc	r4, pc, #335544320	; 0x14000000
  14:	2d786574 	cfldr64cs	mvdx6, [r8, #-464]!	; 0xfffffe30
  18:	06003941 	streq	r3, [r0], -r1, asr #18
  1c:	0841070a 	stmdaeq	r1, {r1, r3, r8, r9, sl}^
  20:	0a020901 	beq	8242c <__bss_start+0x5fe50>
  24:	12010c03 	andne	r0, r1, #768	; 0x300
  28:	15011404 	strne	r1, [r1, #-1028]	; 0xfffffbfc
  2c:	18031701 	stmdane	r3, {r0, r8, r9, sl, ip}
  30:	22021a01 	andcs	r1, r2, #4096	; 0x1000
  34:	2a012401 	bcs	49040 <__bss_start+0x26a64>
  38:	44012c01 	strmi	r2, [r1], #-3073	; 0xfffff3ff
  3c:	Address 0x0000003c is out of bounds.


Disassembly of section .comment:

00000000 <.comment>:
   0:	3a434347 	bcc	10d0d24 <__bss_start+0x10ae748>
   4:	6f532820 	svcvs	0x00532820
   8:	65637275 	strbvs	r7, [r3, #-629]!	; 0xfffffd8b
   c:	43207972 	teqmi	r0, #1867776	; 0x1c8000
  10:	4265646f 	rsbmi	r6, r5, #1862270976	; 0x6f000000
  14:	68636e65 	stmdavs	r3!, {r0, r2, r5, r6, r9, sl, fp, sp, lr}^
  18:	74694c20 	strbtvc	r4, [r9], #-3104	; 0xfffff3e0
  1c:	30322065 	eorscc	r2, r2, r5, rrx
  20:	302e3531 	eorcc	r3, lr, r1, lsr r5
  24:	37312d35 			; <UNDEFINED> instruction: 0x37312d35
  28:	2e342029 	cdpcs	0, 3, cr2, cr4, cr9, {1}
  2c:	00322e39 	eorseq	r2, r2, r9, lsr lr

Disassembly of section .debug_frame:

00000000 <.debug_frame>:
   0:	0000000c 	andeq	r0, r0, ip
   4:	ffffffff 			; <UNDEFINED> instruction: 0xffffffff
   8:	7c010001 	stcvc	0, cr0, [r1], {1}
   c:	000d0c0e 	andeq	r0, sp, lr, lsl #24
  10:	0000000c 	andeq	r0, r0, ip
  14:	00000000 	andeq	r0, r0, r0
  18:	00022270 	andeq	r2, r2, r0, ror r2
  1c:	000001ec 	andeq	r0, r0, ip, ror #3
