Copyright 1986-2015 Xilinx, Inc. All Rights Reserved.
--------------------------------------------------------------------------------------
| Tool Version : Vivado v.2015.4.1 (lin64) Build 1431336 Fri Dec 11 14:52:39 MST 2015
| Date         : Fri Mar 31 17:18:34 2017
| Host         : cse-swei-05 running 64-bit Ubuntu 14.04.5 LTS
| Command      : report_drc
--------------------------------------------------------------------------------------

Report DRC

Table of Contents
-----------------
1. REPORT SUMMARY
2. REPORT DETAILS

1. REPORT SUMMARY
-----------------
            Netlist: netlist
          Floorplan: design_1
      Design limits: <entire design considered>
           Ruledeck: default
             Max violations: <unlimited>
             Violations found: 1

2. REPORT DETAILS
-----------------
PLIO-7#1 Warning
Placement Constraints Check for IO constraints  
An IO Bus FIXED_IO_mio[53:0] with more than one IO standard is found. Components associated with this bus are: LVCMOS18 (FIXED_IO_mio[53], FIXED_IO_mio[52], FIXED_IO_mio[51], FIXED_IO_mio[50], FIXED_IO_mio[49], FIXED_IO_mio[48], FIXED_IO_mio[47], FIXED_IO_mio[46], FIXED_IO_mio[45], FIXED_IO_mio[44], FIXED_IO_mio[43], FIXED_IO_mio[42], FIXED_IO_mio[41], FIXED_IO_mio[40], FIXED_IO_mio[39] (the first 15 of 42 listed)); HSTL_I_18 (FIXED_IO_mio[27], FIXED_IO_mio[26], FIXED_IO_mio[25], FIXED_IO_mio[24], FIXED_IO_mio[23], FIXED_IO_mio[22], FIXED_IO_mio[21], FIXED_IO_mio[20], FIXED_IO_mio[19], FIXED_IO_mio[18], FIXED_IO_mio[17], FIXED_IO_mio[16]); 
Related violations: <none>


